=======================================
[2026-04-14 08:30:03] Starter daglig UU-test
[2026-04-14 08:30:03] Node: v24.12.0
[2026-04-14 08:30:03] KjГёrer npm run rapport...

> uu-tester@1.0.0 rapport
> node uu-tester.js


рҹ”Қ Starter UU-analyse av: https://tilskudd.fiks.test.ks.no/
рҹ“… Dato: 2026-04-14
рҹ“„ Maks antall sider: 20

рҹ“„ [1/20] Analyserer: https://tilskudd.fiks.test.ks.no
  рҹ“ё Tar skjermdumper av 0 brudd...
рҹ“„ [2/20] Analyserer: https://tilskudd.fiks.test.ks.no/ordninger
  рҹ“ё Tar skjermdumper av 1 brudd...
рҹ“„ [3/20] Analyserer: https://tilskudd.fiks.test.ks.no/minside
  рҹ“ё Tar skjermdumper av 0 brudd...
рҹ“„ [4/20] Analyserer: https://tilskudd.fiks.test.ks.no/ordninger/553b5d8c-209e-410e-88c6-a6cb79d714dc
  рҹ“ё Tar skjermdumper av 0 brudd...
рҹ“„ [5/20] Analyserer: https://tilskudd.fiks.test.ks.no/ordninger/7082abd8-4f23-43e9-adce-c4762b848b81
  рҹ“ё Tar skjermdumper av 0 brudd...
рҹ“„ [6/20] Analyserer: https://tilskudd.fiks.test.ks.no/ordninger/b39a60ca-08e4-476c-88a1-a78fe3cd7983
  рҹ“ё Tar skjermdumper av 0 brudd...
рҹ“„ [7/20] Analyserer: https://tilskudd.fiks.test.ks.no/ordninger/cbc3a2eb-42bd-49db-b2e7-0f66e13a56a0
  рҹ“ё Tar skjermdumper av 0 brudd...
рҹ“„ [8/20] Analyserer: https://tilskudd.fiks.test.ks.no/ordninger/72ad6a5b-3819-446b-881d-eed1d5dd9ed6
  рҹ“ё Tar skjermdumper av 0 brudd...
рҹ“„ [9/20] Analyserer: https://tilskudd.fiks.test.ks.no/soknad/opprett
  рҹ“ё Tar skjermdumper av 0 brudd...

в”Ғв”Ғв”Ғв”Ғв”Ғв”Ғв”Ғв”Ғв”Ғв”Ғв”Ғв”Ғв”Ғв”Ғв”Ғв”Ғв”Ғв”Ғв”Ғв”Ғв”Ғв”Ғв”Ғв”Ғв”Ғв”Ғв”Ғв”Ғв”Ғв”Ғв”Ғв”Ғв”Ғв”Ғв”Ғв”Ғв”Ғв”Ғв”Ғв”Ғв”Ғв”Ғв”Ғв”Ғв”Ғв”Ғв”Ғв”Ғв”Ғв”Ғв”Ғв”Ғв”Ғв”Ғв”Ғв”Ғв”Ғв”Ғв”Ғв”Ғ
рҹ“Ҡ RAPPORT вҖ“ https://tilskudd.fiks.test.ks.no/
в”Ғв”Ғв”Ғв”Ғв”Ғв”Ғв”Ғв”Ғв”Ғв”Ғв”Ғв”Ғв”Ғв”Ғв”Ғв”Ғв”Ғв”Ғв”Ғв”Ғв”Ғв”Ғв”Ғв”Ғв”Ғв”Ғв”Ғв”Ғв”Ғв”Ғв”Ғв”Ғв”Ғв”Ғв”Ғв”Ғв”Ғв”Ғв”Ғв”Ғв”Ғв”Ғв”Ғв”Ғв”Ғв”Ғв”Ғв”Ғв”Ғв”Ғв”Ғв”Ғв”Ғв”Ғв”Ғв”Ғв”Ғв”Ғв”Ғв”Ғ
рҹ“„ Sider testet:     9
вҷҝ WCAG-brudd:       [33m1[0m   (kritiske: 0, alvorlige: 0)
рҹ”— DГёde lenker:      [31m5[0m
рҹ”ҳ Knapper testet:   7 ([32m0[0m uten label)
рҹ–јпёҸ  Bilder testet:    23 ([32m0[0m uten alt)
рҹ“қ Skjemafelt:       2 ([32m0[0m uten label)
в”Ғв”Ғв”Ғв”Ғв”Ғв”Ғв”Ғв”Ғв”Ғв”Ғв”Ғв”Ғв”Ғв”Ғв”Ғв”Ғв”Ғв”Ғв”Ғв”Ғв”Ғв”Ғв”Ғв”Ғв”Ғв”Ғв”Ғв”Ғв”Ғв”Ғв”Ғв”Ғв”Ғв”Ғв”Ғв”Ғв”Ғв”Ғв”Ғв”Ғв”Ғв”Ғв”Ғв”Ғв”Ғв”Ғв”Ғв”Ғв”Ғв”Ғв”Ғв”Ғв”Ғв”Ғв”Ғв”Ғв”Ғв”Ғв”Ғв”Ғ

рҹ“Ғ HTML-rapport: /Users/ummearkhan/uu-tester/rapporter/2026-04-14/rapport.html

[2026-04-14 08:30:25] KjГёrer npm run monkey...

> uu-tester@1.0.0 monkey
> node monkey-tester.js


рҹҗ’ Starter monkey-testing av: https://tilskudd.fiks.test.ks.no/
рҹ“… Dato: 2026-04-14
рҹ”„ Iterasjoner: 60

  рҹҸ  [1] Reset til startside
  рҹ–ұпёҸ  [2] Klikket: "SГёk"
  рҹ”— [3] Klikket lenke: "Logg inn"
  рҹ–ұпёҸ  [5] Klikket: "SГёk"
  рҹ”— [6] Klikket lenke: "KS Tilskudd"
  рҹ–ұпёҸ  [7] Klikket: "SГёk"
  вңҸпёҸ  [8] Fylte "0" i search-felt
  вңҸпёҸ  [9] Fylte "-1" i search-felt
  вңҸпёҸ  [10] Fylte "" i search-felt
  рҹ”— [11] Klikket lenke: "Vissen Produktiv FjellrevArktis 2030"
  рҹ”— [12] Klikket lenke: "Logg inn"
  рҹҸ  [14] Reset til startside
  рҹ“Ө [15] Send skjema: "SГёk"
  рҹ”— [16] Klikket lenke: "Punktlig Viktig Hund DaKommunalt nГҰringsfond Kristiansund 20"
  вңҸпёҸ  [17] Fylte "!@#$%&*()" i search-felt
  рҹҸ  [18] Reset til startside
  рҹ“Ө [19] Send skjema: "SГёk"
  вңҸпёҸ  [20] Fylte "-1" i search-felt
  в¬…пёҸ  [22] Gikk tilbake (browser back)
  рҹ–ұпёҸ  [23] Klikket: "SГёk"
  рҹҸ  [24] Reset til startside
  вңҸпёҸ  [25] Fylte "ГҰГёГҘ ГҶГҳГ…" i search-felt
  рҹ–ұпёҸ  [26] Klikket: "SГёk"
  рҹҸ  [27] Reset til startside
  рҹ–ұпёҸ  [28] Klikket: "SГёk"
  рҹ”— [30] Klikket lenke: "KS Tilskudd"
  вңҸпёҸ  [31] Fylte "" i search-felt
  вңҸпёҸ  [32] Fylte "0" i search-felt
  вңҸпёҸ  [33] Fylte "" i search-felt
  рҹ–ұпёҸ  [34] Klikket: "SГёk"
  рҹ”— [35] Klikket lenke: "KS Tilskudd"
  рҹ“Ө [36] Send skjema: "SГёk"
  рҹ”— [37] Klikket lenke: "KjГҰrlig Entusiastisk Tiger AsBIO-midlar 2026"
  рҹ”— [39] Klikket lenke: "Hjem"
  рҹҸ  [40] Reset til startside
  рҹ–ұпёҸ  [41] Klikket: "SГёk"
  вңҸпёҸ  [42] Fylte "2keafl4uklc 5sh03bv5l5y 0o2t1ml0izm kbsu" i search-felt
  рҹ–ұпёҸ  [43] Klikket: "(ingen tekst)"
  в¬…пёҸ  [45] Gikk tilbake (browser back)
  вңҸпёҸ  [46] Fylte "<b>bold</b>" i search-felt
  вңҸпёҸ  [47] Fylte "-1" i search-felt
  рҹ–ұпёҸ  [48] Klikket: "(ingen tekst)"
  рҹ–ұпёҸ  [49] Klikket: "SГёk"
  вңҸпёҸ  [50] Fylte "!@#$%&*()" i search-felt
  рҹ–ұпёҸ  [51] Klikket: "(ingen tekst)"
  рҹҸ  [52] Reset til startside
  вңҸпёҸ  [53] Fylte "38c2glrlyqc th7kndi3s2p fmec06evj5s andu" i search-felt
  рҹ“Ө [54] Send skjema: "SГёk"
  рҹ–ұпёҸ  [55] Klikket: "(ingen tekst)"
  вңҸпёҸ  [56] Fylte "aaaaaaaaaaaaaaaaaaaaaaaaaaaaaaaaaaaaaaaa" i search-felt
  рҹ–ұпёҸ  [57] Klikket: "(ingen tekst)"
  в¬…пёҸ  [59] Gikk tilbake (browser back)
  вңҸпёҸ  [60] Fylte "Test bruker" i search-felt

в”Ғв”Ғв”Ғв”Ғв”Ғв”Ғв”Ғв”Ғв”Ғв”Ғв”Ғв”Ғв”Ғв”Ғв”Ғв”Ғв”Ғв”Ғв”Ғв”Ғв”Ғв”Ғв”Ғв”Ғв”Ғв”Ғв”Ғв”Ғв”Ғв”Ғв”Ғв”Ғв”Ғв”Ғв”Ғв”Ғв”Ғв”Ғв”Ғв”Ғв”Ғв”Ғв”Ғв”Ғв”Ғв”Ғв”Ғв”Ғв”Ғв”Ғв”Ғв”Ғв”Ғв”Ғв”Ғв”Ғв”Ғв”Ғв”Ғв”Ғ
рҹҗ’ MONKEY-RAPPORT вҖ“ https://tilskudd.fiks.test.ks.no/
в”Ғв”Ғв”Ғв”Ғв”Ғв”Ғв”Ғв”Ғв”Ғв”Ғв”Ғв”Ғв”Ғв”Ғв”Ғв”Ғв”Ғв”Ғв”Ғв”Ғв”Ғв”Ғв”Ғв”Ғв”Ғв”Ғв”Ғв”Ғв”Ғв”Ғв”Ғв”Ғв”Ғв”Ғв”Ғв”Ғв”Ғв”Ғв”Ғв”Ғв”Ғв”Ғв”Ғв”Ғв”Ғв”Ғв”Ғв”Ғв”Ғв”Ғв”Ғв”Ғв”Ғв”Ғв”Ғв”Ғв”Ғв”Ғв”Ғв”Ғ
рҹ”„ Iterasjoner:      60
рҹ“„ Sider besГёkt:     9
вҡЎ JS-feil:          0
рҹ–ҘпёҸ  Konsoll-feil:     0
рҹҢҗ Nettverksfeil:    0
рҹ’Ҙ Kritiske funn:    1
вҸұпёҸ  Varighet:         34s
в”Ғв”Ғв”Ғв”Ғв”Ғв”Ғв”Ғв”Ғв”Ғв”Ғв”Ғв”Ғв”Ғв”Ғв”Ғв”Ғв”Ғв”Ғв”Ғв”Ғв”Ғв”Ғв”Ғв”Ғв”Ғв”Ғв”Ғв”Ғв”Ғв”Ғв”Ғв”Ғв”Ғв”Ғв”Ғв”Ғв”Ғв”Ғв”Ғв”Ғв”Ғв”Ғв”Ғв”Ғв”Ғв”Ғв”Ғв”Ғв”Ғв”Ғв”Ғв”Ғв”Ғв”Ғв”Ғв”Ғв”Ғв”Ғв”Ғв”Ғ

рҹ“Ғ Monkey-rapport: /Users/ummearkhan/uu-tester/rapporter/2026-04-14/monkey-rapport.html
[2026-04-14 08:31:00] KjГёrer npm run sikkerhet...

> uu-tester@1.0.0 sikkerhet
> node sikkerhet-tester.js


рҹ”җ Starter sikkerhetstest av: https://tilskudd.fiks.test.ks.no/
рҹ“… Dato: 2026-04-14

рҹ“Ӣ Sjekker HTTP-sikkerhetshoder...
  вң… [OK] HSTS er satt
  вң… [OK] Content-Security-Policy er satt
  вң… [OK] X-Frame-Options er satt
  вң… [OK] X-Content-Type-Options er satt
  рҹ”ө [LAV] Manglende Referrer-Policy
  рҹ”ө [LAV] Manglende Permissions-Policy
  рҹ”ө [LAV] Manglende COOP
  рҹ”ө [LAV] Manglende CORP
рҹ•өпёҸ  Sjekker informasjonslekkasje i hoder...
рҹ”’ Sjekker HTTPS-hГҘndhevelse...
  вң… [OK] HTTP omdirigerer til HTTPS
рҹ“Ӯ Sjekker sensitive stier...
  рҹҹ  [ALVORLIG] Sensitiv sti tilgjengelig: /api
  рҹҹ  [ALVORLIG] Sensitiv sti tilgjengelig: /robots.txt
рҹҚӘ Sjekker cookie-sikkerhet...
  рҹҹЎ [MIDDELS] Cookie "07c80249a0769e869d701c22923ad7d0" har svake sikkerhetsattributter
рҹ”Җ Sjekker mixed content...
  вң… [OK] Ingen mixed content funnet
рҹ’ү Sjekker input-refleksjon...
  вң… [OK] SГёkefelt ser ut til ГҘ rense input
рҹҢҗ Sjekker CORS-konfigurasjon...
  вң… [OK] Ingen CORS-hoder вҖ“ standard same-origin-policy gjelder

в”Ғв”Ғв”Ғв”Ғв”Ғв”Ғв”Ғв”Ғв”Ғв”Ғв”Ғв”Ғв”Ғв”Ғв”Ғв”Ғв”Ғв”Ғв”Ғв”Ғв”Ғв”Ғв”Ғв”Ғв”Ғв”Ғв”Ғв”Ғв”Ғв”Ғв”Ғв”Ғв”Ғв”Ғв”Ғв”Ғв”Ғв”Ғв”Ғв”Ғв”Ғв”Ғв”Ғв”Ғв”Ғв”Ғв”Ғв”Ғв”Ғв”Ғв”Ғв”Ғв”Ғв”Ғв”Ғв”Ғв”Ғв”Ғв”Ғв”Ғ
рҹ”җ SIKKERHETSRAPPORT вҖ“ https://tilskudd.fiks.test.ks.no/
в”Ғв”Ғв”Ғв”Ғв”Ғв”Ғв”Ғв”Ғв”Ғв”Ғв”Ғв”Ғв”Ғв”Ғв”Ғв”Ғв”Ғв”Ғв”Ғв”Ғв”Ғв”Ғв”Ғв”Ғв”Ғв”Ғв”Ғв”Ғв”Ғв”Ғв”Ғв”Ғв”Ғв”Ғв”Ғв”Ғв”Ғв”Ғв”Ғв”Ғв”Ғв”Ғв”Ғв”Ғв”Ғв”Ғв”Ғв”Ғв”Ғв”Ғв”Ғв”Ғв”Ғв”Ғв”Ғв”Ғв”Ғв”Ғв”Ғв”Ғ
рҹ”ҙ Kritiske:   0
рҹҹ  Alvorlige:  2
рҹҹЎ Moderate:   1
рҹ”ө Lave:       4
вң… BestГҘtt:    8
рҹ“Ҡ Score:      67/100
вҸұпёҸ  Varighet:   4s
в”Ғв”Ғв”Ғв”Ғв”Ғв”Ғв”Ғв”Ғв”Ғв”Ғв”Ғв”Ғв”Ғв”Ғв”Ғв”Ғв”Ғв”Ғв”Ғв”Ғв”Ғв”Ғв”Ғв”Ғв”Ғв”Ғв”Ғв”Ғв”Ғв”Ғв”Ғв”Ғв”Ғв”Ғв”Ғв”Ғв”Ғв”Ғв”Ғв”Ғв”Ғв”Ғв”Ғв”Ғв”Ғв”Ғв”Ғв”Ғв”Ғв”Ғв”Ғв”Ғв”Ғв”Ғв”Ғв”Ғв”Ғв”Ғв”Ғв”Ғ

рҹ“Ғ Sikkerhetsrapport: /Users/ummearkhan/uu-tester/rapporter/2026-04-14/sikkerhet-rapport.html
[2026-04-14 08:31:12] KjГёrer npm run negativ...

> uu-tester@1.0.0 negativ
> node negativ-tester.js


рҹ§Ә Starter negativ testing av: https://tilskudd.fiks.test.ks.no/
рҹ“… Dato: 2026-04-14


рҹ“қ Kategori 1: Skjema-validering
  вң… Tom sГёkeinnsending
  вң… SГёk med ekstremt lang tekst (2000 tegn)
  вң… SГёk med spesialtegn
  вң… SГёk med kun mellomrom
  вң… SГёk med norske tegn (ГҰГёГҘ)
  вң… SQL-lignende sГёketekst

рҹ”— Kategori 2: URL-validering
  вҡ пёҸ Ukjent side
  вҡ пёҸ Ugyldig UUID i URL
  вҡ пёҸ Null-UUID
  вң… Path traversal-forsГёk
  вҡ пёҸ Kodet path traversal
  вң… Ugyldig sГёknads-ID

рҹ”Җ Kategori 3: NavigasjonsrekkefГёlge
  вң… Direkte tilgang til sГёknadsskjema uten forside
  вң… Browser tilbake fra sГёknadsskjema
  вң… Rask frem-og-tilbake-navigasjon (5x)
  вң… Dobbelt-klikk pГҘ handlingsknapp

рҹҢҗ Kategori 4: Nettleserfunksjoner
  вң… Sideoppdatering (F5) under sГёknad
  вң… Siden uten JavaScript
  вң… Smal mobilvisning (320px bredde)
  вң… Stor skjerm (3840Г—2160)

рҹ”‘ Kategori 5: Tilstand og sesjon
  вң… Last side etter sletting av alle cookies
  вң… Last side etter tГёmming av localStorage
  вң… Direkte tilgang til "Min side" uten innlogging

в”Ғв”Ғв”Ғв”Ғв”Ғв”Ғв”Ғв”Ғв”Ғв”Ғв”Ғв”Ғв”Ғв”Ғв”Ғв”Ғв”Ғв”Ғв”Ғв”Ғв”Ғв”Ғв”Ғв”Ғв”Ғв”Ғв”Ғв”Ғв”Ғв”Ғв”Ғв”Ғв”Ғв”Ғв”Ғв”Ғв”Ғв”Ғв”Ғв”Ғв”Ғв”Ғв”Ғв”Ғв”Ғв”Ғв”Ғв”Ғв”Ғв”Ғв”Ғв”Ғв”Ғв”Ғв”Ғв”Ғв”Ғв”Ғв”Ғв”Ғ
рҹ§Ә NEGATIV-TESTRAPPORT вҖ“ https://tilskudd.fiks.test.ks.no/
в”Ғв”Ғв”Ғв”Ғв”Ғв”Ғв”Ғв”Ғв”Ғв”Ғв”Ғв”Ғв”Ғв”Ғв”Ғв”Ғв”Ғв”Ғв”Ғв”Ғв”Ғв”Ғв”Ғв”Ғв”Ғв”Ғв”Ғв”Ғв”Ғв”Ғв”Ғв”Ғв”Ғв”Ғв”Ғв”Ғв”Ғв”Ғв”Ғв”Ғв”Ғв”Ғв”Ғв”Ғв”Ғв”Ғв”Ғв”Ғв”Ғв”Ғв”Ғв”Ғв”Ғв”Ғв”Ғв”Ғв”Ғв”Ғв”Ғв”Ғ
вң… BestГҘtt:   19
вҡ пёҸ  Advarsler: 4
вқҢ Feil:      0
рҹ“Ҡ Score:     80/100
вҸұпёҸ  Varighet:  27s
в”Ғв”Ғв”Ғв”Ғв”Ғв”Ғв”Ғв”Ғв”Ғв”Ғв”Ғв”Ғв”Ғв”Ғв”Ғв”Ғв”Ғв”Ғв”Ғв”Ғв”Ғв”Ғв”Ғв”Ғв”Ғв”Ғв”Ғв”Ғв”Ғв”Ғв”Ғв”Ғв”Ғв”Ғв”Ғв”Ғв”Ғв”Ғв”Ғв”Ғв”Ғв”Ғв”Ғв”Ғв”Ғв”Ғв”Ғв”Ғв”Ғв”Ғв”Ғв”Ғв”Ғв”Ғв”Ғв”Ғв”Ғв”Ғв”Ғв”Ғ

рҹ“Ғ Negativ-rapport: /Users/ummearkhan/uu-tester/rapporter/2026-04-14/negativ-rapport.html
[2026-04-14 08:31:40] KjГёrer npm run arkiv...

> uu-tester@1.0.0 arkiv
> node generer-arkiv.js

вң… Arkiv generert med 4 rapporter вҶ’ docs/arkiv.html
[2026-04-14 08:31:42] вң… Ferdig og pushet til GitHub
=======================================
[2026-04-16 08:30:04] Starter daglig UU-test
[2026-04-16 08:30:05] Node: v24.12.0
[2026-04-16 08:30:05] KjГёrer npm run rapport...

> uu-tester@1.0.0 rapport
> node uu-tester.js


рҹ”Қ Starter UU-analyse av: https://tilskudd.fiks.test.ks.no/
рҹ“… Dato: 2026-04-16
рҹ“„ Maks antall sider: 20

рҹ“„ [1/20] Analyserer: https://tilskudd.fiks.test.ks.no
  рҹ“ё Tar skjermdumper av 0 brudd...
рҹ“„ [2/20] Analyserer: https://tilskudd.fiks.test.ks.no/ordninger
  рҹ“ё Tar skjermdumper av 1 brudd...
рҹ“„ [3/20] Analyserer: https://tilskudd.fiks.test.ks.no/minside
  рҹ“ё Tar skjermdumper av 0 brudd...
рҹ“„ [4/20] Analyserer: https://tilskudd.fiks.test.ks.no/ordninger/553b5d8c-209e-410e-88c6-a6cb79d714dc
  рҹ“ё Tar skjermdumper av 0 brudd...
рҹ“„ [5/20] Analyserer: https://tilskudd.fiks.test.ks.no/ordninger/7082abd8-4f23-43e9-adce-c4762b848b81
  рҹ“ё Tar skjermdumper av 0 brudd...
рҹ“„ [6/20] Analyserer: https://tilskudd.fiks.test.ks.no/ordninger/b39a60ca-08e4-476c-88a1-a78fe3cd7983
  рҹ“ё Tar skjermdumper av 0 brudd...
рҹ“„ [7/20] Analyserer: https://tilskudd.fiks.test.ks.no/ordninger/cbc3a2eb-42bd-49db-b2e7-0f66e13a56a0
  рҹ“ё Tar skjermdumper av 0 brudd...
рҹ“„ [8/20] Analyserer: https://tilskudd.fiks.test.ks.no/ordninger/72ad6a5b-3819-446b-881d-eed1d5dd9ed6
  рҹ“ё Tar skjermdumper av 0 brudd...
рҹ“„ [9/20] Analyserer: https://tilskudd.fiks.test.ks.no/soknad/opprett
  рҹ“ё Tar skjermdumper av 0 brudd...

в”Ғв”Ғв”Ғв”Ғв”Ғв”Ғв”Ғв”Ғв”Ғв”Ғв”Ғв”Ғв”Ғв”Ғв”Ғв”Ғв”Ғв”Ғв”Ғв”Ғв”Ғв”Ғв”Ғв”Ғв”Ғв”Ғв”Ғв”Ғв”Ғв”Ғв”Ғв”Ғв”Ғв”Ғв”Ғв”Ғв”Ғв”Ғв”Ғв”Ғв”Ғв”Ғв”Ғв”Ғв”Ғв”Ғв”Ғв”Ғв”Ғв”Ғв”Ғв”Ғв”Ғв”Ғв”Ғв”Ғв”Ғв”Ғв”Ғв”Ғ
рҹ“Ҡ RAPPORT вҖ“ https://tilskudd.fiks.test.ks.no/
в”Ғв”Ғв”Ғв”Ғв”Ғв”Ғв”Ғв”Ғв”Ғв”Ғв”Ғв”Ғв”Ғв”Ғв”Ғв”Ғв”Ғв”Ғв”Ғв”Ғв”Ғв”Ғв”Ғв”Ғв”Ғв”Ғв”Ғв”Ғв”Ғв”Ғв”Ғв”Ғв”Ғв”Ғв”Ғв”Ғв”Ғв”Ғв”Ғв”Ғв”Ғв”Ғв”Ғв”Ғв”Ғв”Ғв”Ғв”Ғв”Ғв”Ғв”Ғв”Ғв”Ғв”Ғв”Ғв”Ғв”Ғв”Ғв”Ғв”Ғ
рҹ“„ Sider testet:     9
вҷҝ WCAG-brudd:       [33m1[0m   (kritiske: 0, alvorlige: 0)
рҹ”— DГёde lenker:      [31m5[0m
рҹ”ҳ Knapper testet:   7 ([32m0[0m uten label)
рҹ–јпёҸ  Bilder testet:    23 ([32m0[0m uten alt)
рҹ“қ Skjemafelt:       2 ([32m0[0m uten label)
в”Ғв”Ғв”Ғв”Ғв”Ғв”Ғв”Ғв”Ғв”Ғв”Ғв”Ғв”Ғв”Ғв”Ғв”Ғв”Ғв”Ғв”Ғв”Ғв”Ғв”Ғв”Ғв”Ғв”Ғв”Ғв”Ғв”Ғв”Ғв”Ғв”Ғв”Ғв”Ғв”Ғв”Ғв”Ғв”Ғв”Ғв”Ғв”Ғв”Ғв”Ғв”Ғв”Ғв”Ғв”Ғв”Ғв”Ғв”Ғв”Ғв”Ғв”Ғв”Ғв”Ғв”Ғв”Ғв”Ғв”Ғв”Ғв”Ғв”Ғ

рҹ“Ғ HTML-rapport: /Users/ummearkhan/tester-KSTilskudd/rapporter/2026-04-16/uu-rapport.html

npm notice
npm notice New minor version of npm available! 11.6.2 -> 11.12.1
npm notice Changelog: https://github.com/npm/cli/releases/tag/v11.12.1
npm notice To update run: npm install -g npm@11.12.1
npm notice
[2026-04-16 08:30:28] KjГёrer npm run monkey...

> uu-tester@1.0.0 monkey
> node monkey-tester.js


рҹҗ’ Starter monkey-testing av: https://tilskudd.fiks.test.ks.no/
рҹ“… Dato: 2026-04-16
рҹ”„ Iterasjoner: 60

  рҹ–ұпёҸ  [1] Klikket: "SГёk"
  вңҸпёҸ  [2] Fylte "!@#$%&*()" i search-felt
  рҹ“Ө [3] Send skjema: "SГёk"
  рҹҸ  [4] Reset til startside
  рҹ“Ө [5] Send skjema: "SГёk"
  вңҸпёҸ  [6] Fylte "   " i search-felt
  рҹҸ  [7] Reset til startside
  рҹ–ұпёҸ  [8] Klikket: "SГёk"
  вңҸпёҸ  [9] Fylte "null undefined NaN" i search-felt
  рҹ–ұпёҸ  [10] Klikket: "(ingen tekst)"
  вңҸпёҸ  [11] Fylte "!@#$%&*()" i search-felt
  вңҸпёҸ  [12] Fylte "Test bruker" i search-felt
  рҹ–ұпёҸ  [13] Klikket: "(ingen tekst)"
  рҹ”— [14] Klikket lenke: "KjГҰrlig Entusiastisk Tiger AsBIO-midlar 2026"
  рҹҸ  [15] Reset til startside
  рҹҸ  [16] Reset til startside
  рҹ–ұпёҸ  [17] Klikket: "SГёk"
  в¬…пёҸ  [18] Gikk tilbake (browser back)
  вңҸпёҸ  [19] Fylte "" i search-felt
  вңҸпёҸ  [20] Fylte "<b>bold</b>" i search-felt
  рҹҸ  [21] Reset til startside
  рҹҸ  [22] Reset til startside
  вңҸпёҸ  [23] Fylte "Test bruker" i search-felt
  рҹ–ұпёҸ  [24] Klikket: "(ingen tekst)"
  рҹ–ұпёҸ  [25] Klikket: "SГёk"
  в¬…пёҸ  [26] Gikk tilbake (browser back)
  рҹҸ  [27] Reset til startside
  рҹ–ұпёҸ  [28] Klikket: "SГёk"
  в¬…пёҸ  [29] Gikk tilbake (browser back)
  вңҸпёҸ  [30] Fylte "aaaaaaaaaaaaaaaaaaaaaaaaaaaaaaaaaaaaaaaa" i search-felt
  рҹ“Ө [31] Send skjema: "SГёk"
  рҹ–ұпёҸ  [32] Klikket: "(ingen tekst)"
  в¬…пёҸ  [33] Gikk tilbake (browser back)
  вңҸпёҸ  [34] Fylte "-1" i search-felt
  рҹ–ұпёҸ  [35] Klikket: "SГёk"
  в¬…пёҸ  [36] Gikk tilbake (browser back)
  рҹ–ұпёҸ  [37] Klikket: "SГёk"
  рҹҸ  [41] Reset til startside
  рҹ–ұпёҸ  [42] Klikket: "SГёk"
  рҹ”— [43] Klikket lenke: "KS Tilskudd"
  в¬…пёҸ  [44] Gikk tilbake (browser back)
  рҹҸ  [47] Reset til startside
  рҹ“Ө [48] Send skjema: "SГёk"
  рҹ”— [49] Klikket lenke: "Logg inn"
  рҹҸ  [51] Reset til startside
  рҹҸ  [52] Reset til startside
  рҹ“Ө [53] Send skjema: "SГёk"
  рҹ”— [54] Klikket lenke: "KS Tilskudd"
  рҹҸ  [55] Reset til startside
  вңҸпёҸ  [56] Fylte "   " i search-felt
  вңҸпёҸ  [57] Fylte "Test bruker" i search-felt
  рҹ–ұпёҸ  [58] Klikket: "SГёk"
  вңҸпёҸ  [59] Fylte "99999999999999999999" i search-felt
  рҹ–ұпёҸ  [60] Klikket: "(ingen tekst)"

в”Ғв”Ғв”Ғв”Ғв”Ғв”Ғв”Ғв”Ғв”Ғв”Ғв”Ғв”Ғв”Ғв”Ғв”Ғв”Ғв”Ғв”Ғв”Ғв”Ғв”Ғв”Ғв”Ғв”Ғв”Ғв”Ғв”Ғв”Ғв”Ғв”Ғв”Ғв”Ғв”Ғв”Ғв”Ғв”Ғв”Ғв”Ғв”Ғв”Ғв”Ғв”Ғв”Ғв”Ғв”Ғв”Ғв”Ғв”Ғв”Ғв”Ғв”Ғв”Ғв”Ғв”Ғв”Ғв”Ғв”Ғв”Ғв”Ғв”Ғ
рҹҗ’ MONKEY-RAPPORT вҖ“ https://tilskudd.fiks.test.ks.no/
в”Ғв”Ғв”Ғв”Ғв”Ғв”Ғв”Ғв”Ғв”Ғв”Ғв”Ғв”Ғв”Ғв”Ғв”Ғв”Ғв”Ғв”Ғв”Ғв”Ғв”Ғв”Ғв”Ғв”Ғв”Ғв”Ғв”Ғв”Ғв”Ғв”Ғв”Ғв”Ғв”Ғв”Ғв”Ғв”Ғв”Ғв”Ғв”Ғв”Ғв”Ғв”Ғв”Ғв”Ғв”Ғв”Ғв”Ғв”Ғв”Ғв”Ғв”Ғв”Ғв”Ғв”Ғв”Ғв”Ғв”Ғв”Ғв”Ғв”Ғ
рҹ”„ Iterasjoner:      60
рҹ“„ Sider besГёkt:     10
вҡЎ JS-feil:          0
рҹ–ҘпёҸ  Konsoll-feil:     0
рҹҢҗ Nettverksfeil:    0
рҹ’Ҙ Kritiske funn:    0
вҸұпёҸ  Varighet:         31s
в”Ғв”Ғв”Ғв”Ғв”Ғв”Ғв”Ғв”Ғв”Ғв”Ғв”Ғв”Ғв”Ғв”Ғв”Ғв”Ғв”Ғв”Ғв”Ғв”Ғв”Ғв”Ғв”Ғв”Ғв”Ғв”Ғв”Ғв”Ғв”Ғв”Ғв”Ғв”Ғв”Ғв”Ғв”Ғв”Ғв”Ғв”Ғв”Ғв”Ғв”Ғв”Ғв”Ғв”Ғв”Ғв”Ғв”Ғв”Ғв”Ғв”Ғв”Ғв”Ғв”Ғв”Ғв”Ғв”Ғв”Ғв”Ғв”Ғв”Ғ

рҹ“Ғ Monkey-rapport: /Users/ummearkhan/tester-KSTilskudd/rapporter/2026-04-16/monkey-rapport.html
[2026-04-16 08:30:59] KjГёrer npm run sikkerhet...

> uu-tester@1.0.0 sikkerhet
> node sikkerhet-tester.js


рҹ”җ Starter sikkerhetstest av: https://tilskudd.fiks.test.ks.no/
рҹ“… Dato: 2026-04-16

рҹ“Ӣ Sjekker HTTP-sikkerhetshoder...
  вң… [OK] HSTS er satt
  вң… [OK] Content-Security-Policy er satt
  вң… [OK] X-Frame-Options er satt
  вң… [OK] X-Content-Type-Options er satt
  рҹ”ө [LAV] Manglende Referrer-Policy
  рҹ”ө [LAV] Manglende Permissions-Policy
  рҹ”ө [LAV] Manglende COOP
  рҹ”ө [LAV] Manglende CORP
рҹ•өпёҸ  Sjekker informasjonslekkasje i hoder...
рҹ”’ Sjekker HTTPS-hГҘndhevelse...
  вң… [OK] HTTP omdirigerer til HTTPS
рҹ“Ӯ Sjekker sensitive stier...
  рҹҹ  [ALVORLIG] Sensitiv sti tilgjengelig: /api
  рҹҹ  [ALVORLIG] Sensitiv sti tilgjengelig: /robots.txt
рҹҚӘ Sjekker cookie-sikkerhet...
  рҹҹЎ [MIDDELS] Cookie "07c80249a0769e869d701c22923ad7d0" har svake sikkerhetsattributter
рҹ”Җ Sjekker mixed content...
  вң… [OK] Ingen mixed content funnet
рҹ’ү Sjekker input-refleksjon...
  вң… [OK] SГёkefelt ser ut til ГҘ rense input
рҹҢҗ Sjekker CORS-konfigurasjon...
  вң… [OK] Ingen CORS-hoder вҖ“ standard same-origin-policy gjelder

в”Ғв”Ғв”Ғв”Ғв”Ғв”Ғв”Ғв”Ғв”Ғв”Ғв”Ғв”Ғв”Ғв”Ғв”Ғв”Ғв”Ғв”Ғв”Ғв”Ғв”Ғв”Ғв”Ғв”Ғв”Ғв”Ғв”Ғв”Ғв”Ғв”Ғв”Ғв”Ғв”Ғв”Ғв”Ғв”Ғв”Ғв”Ғв”Ғв”Ғв”Ғв”Ғв”Ғв”Ғв”Ғв”Ғв”Ғв”Ғв”Ғв”Ғв”Ғв”Ғв”Ғв”Ғв”Ғв”Ғв”Ғв”Ғв”Ғв”Ғ
рҹ”җ SIKKERHETSRAPPORT вҖ“ https://tilskudd.fiks.test.ks.no/
в”Ғв”Ғв”Ғв”Ғв”Ғв”Ғв”Ғв”Ғв”Ғв”Ғв”Ғв”Ғв”Ғв”Ғв”Ғв”Ғв”Ғв”Ғв”Ғв”Ғв”Ғв”Ғв”Ғв”Ғв”Ғв”Ғв”Ғв”Ғв”Ғв”Ғв”Ғв”Ғв”Ғв”Ғв”Ғв”Ғв”Ғв”Ғв”Ғв”Ғв”Ғв”Ғв”Ғв”Ғв”Ғв”Ғв”Ғв”Ғв”Ғв”Ғв”Ғв”Ғв”Ғв”Ғв”Ғв”Ғв”Ғв”Ғв”Ғв”Ғ
рҹ”ҙ Kritiske:   0
рҹҹ  Alvorlige:  2
рҹҹЎ Moderate:   1
рҹ”ө Lave:       4
вң… BestГҘtt:    8
рҹ“Ҡ Score:      67/100
вҸұпёҸ  Varighet:   5s
в”Ғв”Ғв”Ғв”Ғв”Ғв”Ғв”Ғв”Ғв”Ғв”Ғв”Ғв”Ғв”Ғв”Ғв”Ғв”Ғв”Ғв”Ғв”Ғв”Ғв”Ғв”Ғв”Ғв”Ғв”Ғв”Ғв”Ғв”Ғв”Ғв”Ғв”Ғв”Ғв”Ғв”Ғв”Ғв”Ғв”Ғв”Ғв”Ғв”Ғв”Ғв”Ғв”Ғв”Ғв”Ғв”Ғв”Ғв”Ғв”Ғв”Ғв”Ғв”Ғв”Ғв”Ғв”Ғв”Ғв”Ғв”Ғв”Ғв”Ғ

рҹ“Ғ Sikkerhetsrapport: /Users/ummearkhan/tester-KSTilskudd/rapporter/2026-04-16/sikkerhet-rapport.html
[2026-04-16 08:31:12] KjГёrer npm run negativ...

> uu-tester@1.0.0 negativ
> node negativ-tester.js


рҹ§Ә Starter negativ testing av: https://tilskudd.fiks.test.ks.no/
рҹ“… Dato: 2026-04-16


рҹ“қ Kategori 1: Skjema-validering
  вң… Tom sГёkeinnsending
  вң… SГёk med ekstremt lang tekst (2000 tegn)
  вң… SГёk med spesialtegn
  вң… SГёk med kun mellomrom
  вң… SГёk med norske tegn (ГҰГёГҘ)
  вң… SQL-lignende sГёketekst

рҹ”— Kategori 2: URL-validering
  вҡ пёҸ Ukjent side
  вҡ пёҸ Ugyldig UUID i URL
  вҡ пёҸ Null-UUID
  вң… Path traversal-forsГёk
  вҡ пёҸ Kodet path traversal
  вң… Ugyldig sГёknads-ID

рҹ”Җ Kategori 3: NavigasjonsrekkefГёlge
  вң… Direkte tilgang til sГёknadsskjema uten forside
  вң… Browser tilbake fra sГёknadsskjema
  вң… Rask frem-og-tilbake-navigasjon (5x)
  вң… Dobbelt-klikk pГҘ handlingsknapp

рҹҢҗ Kategori 4: Nettleserfunksjoner
  вң… Sideoppdatering (F5) under sГёknad
  вң… Siden uten JavaScript
  вң… Smal mobilvisning (320px bredde)
  вң… Stor skjerm (3840Г—2160)

рҹ”‘ Kategori 5: Tilstand og sesjon
  вң… Last side etter sletting av alle cookies
  вң… Last side etter tГёmming av localStorage
  вң… Direkte tilgang til "Min side" uten innlogging

в”Ғв”Ғв”Ғв”Ғв”Ғв”Ғв”Ғв”Ғв”Ғв”Ғв”Ғв”Ғв”Ғв”Ғв”Ғв”Ғв”Ғв”Ғв”Ғв”Ғв”Ғв”Ғв”Ғв”Ғв”Ғв”Ғв”Ғв”Ғв”Ғв”Ғв”Ғв”Ғв”Ғв”Ғв”Ғв”Ғв”Ғв”Ғв”Ғв”Ғв”Ғв”Ғв”Ғв”Ғв”Ғв”Ғв”Ғв”Ғв”Ғв”Ғв”Ғв”Ғв”Ғв”Ғв”Ғв”Ғв”Ғв”Ғв”Ғв”Ғ
рҹ§Ә NEGATIV-TESTRAPPORT вҖ“ https://tilskudd.fiks.test.ks.no/
в”Ғв”Ғв”Ғв”Ғв”Ғв”Ғв”Ғв”Ғв”Ғв”Ғв”Ғв”Ғв”Ғв”Ғв”Ғв”Ғв”Ғв”Ғв”Ғв”Ғв”Ғв”Ғв”Ғв”Ғв”Ғв”Ғв”Ғв”Ғв”Ғв”Ғв”Ғв”Ғв”Ғв”Ғв”Ғв”Ғв”Ғв”Ғв”Ғв”Ғв”Ғв”Ғв”Ғв”Ғв”Ғв”Ғв”Ғв”Ғв”Ғв”Ғв”Ғв”Ғв”Ғв”Ғв”Ғв”Ғв”Ғв”Ғв”Ғв”Ғ
вң… BestГҘtt:   19
вҡ пёҸ  Advarsler: 4
вқҢ Feil:      0
рҹ“Ҡ Score:     80/100
вҸұпёҸ  Varighet:  27s
в”Ғв”Ғв”Ғв”Ғв”Ғв”Ғв”Ғв”Ғв”Ғв”Ғв”Ғв”Ғв”Ғв”Ғв”Ғв”Ғв”Ғв”Ғв”Ғв”Ғв”Ғв”Ғв”Ғв”Ғв”Ғв”Ғв”Ғв”Ғв”Ғв”Ғв”Ғв”Ғв”Ғв”Ғв”Ғв”Ғв”Ғв”Ғв”Ғв”Ғв”Ғв”Ғв”Ғв”Ғв”Ғв”Ғв”Ғв”Ғв”Ғв”Ғв”Ғв”Ғв”Ғв”Ғв”Ғв”Ғв”Ғв”Ғв”Ғв”Ғ

рҹ“Ғ Negativ-rapport: /Users/ummearkhan/tester-KSTilskudd/rapporter/2026-04-16/negativ-rapport.html
[2026-04-16 08:31:40] KjГёrer npm run arkiv...

> uu-tester@1.0.0 arkiv
> node generer-arkiv.js

вң… Siste rapporter og skjermdumper kopiert til docs/ (2026-04-16)
вң… Arkiv generert вҶ’ docs/arkiv.html
   Datoer: 6 | UU: 11 | Monkey: 9 | Sikkerhet: 7 | Negativ: 7
вң… Dashboard generert вҶ’ docs/rapport.html
=======================================
[2026-04-17 08:33:52] Starter daglig UU-test
[2026-04-17 08:33:53] Node: v24.12.0
[2026-04-17 08:33:54] KjГёrer npm run rapport...

> uu-tester@1.0.0 rapport
> node uu-tester.js


рҹ”Қ Starter UU-analyse av: https://tilskudd.fiks.test.ks.no/
рҹ“… Dato: 2026-04-17
рҹ“„ Maks antall sider: 20

рҹ“„ [1/20] Analyserer: https://tilskudd.fiks.test.ks.no
  рҹ“ё Tar skjermdumper av 0 brudd...
рҹ“„ [2/20] Analyserer: https://tilskudd.fiks.test.ks.no/ordninger
  рҹ“ё Tar skjermdumper av 1 brudd...
рҹ“„ [3/20] Analyserer: https://tilskudd.fiks.test.ks.no/minside
  рҹ“ё Tar skjermdumper av 0 brudd...
рҹ“„ [4/20] Analyserer: https://tilskudd.fiks.test.ks.no/ordninger/553b5d8c-209e-410e-88c6-a6cb79d714dc
  рҹ“ё Tar skjermdumper av 0 brudd...
рҹ“„ [5/20] Analyserer: https://tilskudd.fiks.test.ks.no/ordninger/7082abd8-4f23-43e9-adce-c4762b848b81
  рҹ“ё Tar skjermdumper av 0 brudd...
рҹ“„ [6/20] Analyserer: https://tilskudd.fiks.test.ks.no/ordninger/b39a60ca-08e4-476c-88a1-a78fe3cd7983
  рҹ“ё Tar skjermdumper av 0 brudd...
рҹ“„ [7/20] Analyserer: https://tilskudd.fiks.test.ks.no/ordninger/cbc3a2eb-42bd-49db-b2e7-0f66e13a56a0
  рҹ“ё Tar skjermdumper av 0 brudd...
рҹ“„ [8/20] Analyserer: https://tilskudd.fiks.test.ks.no/ordninger/72ad6a5b-3819-446b-881d-eed1d5dd9ed6
  рҹ“ё Tar skjermdumper av 0 brudd...
рҹ“„ [9/20] Analyserer: https://tilskudd.fiks.test.ks.no/soknad/opprett
  рҹ“ё Tar skjermdumper av 0 brudd...

в”Ғв”Ғв”Ғв”Ғв”Ғв”Ғв”Ғв”Ғв”Ғв”Ғв”Ғв”Ғв”Ғв”Ғв”Ғв”Ғв”Ғв”Ғв”Ғв”Ғв”Ғв”Ғв”Ғв”Ғв”Ғв”Ғв”Ғв”Ғв”Ғв”Ғв”Ғв”Ғв”Ғв”Ғв”Ғв”Ғв”Ғв”Ғв”Ғв”Ғв”Ғв”Ғв”Ғв”Ғв”Ғв”Ғв”Ғв”Ғв”Ғв”Ғв”Ғв”Ғв”Ғв”Ғв”Ғв”Ғв”Ғв”Ғв”Ғв”Ғ
рҹ“Ҡ RAPPORT вҖ“ https://tilskudd.fiks.test.ks.no/
в”Ғв”Ғв”Ғв”Ғв”Ғв”Ғв”Ғв”Ғв”Ғв”Ғв”Ғв”Ғв”Ғв”Ғв”Ғв”Ғв”Ғв”Ғв”Ғв”Ғв”Ғв”Ғв”Ғв”Ғв”Ғв”Ғв”Ғв”Ғв”Ғв”Ғв”Ғв”Ғв”Ғв”Ғв”Ғв”Ғв”Ғв”Ғв”Ғв”Ғв”Ғв”Ғв”Ғв”Ғв”Ғв”Ғв”Ғв”Ғв”Ғв”Ғв”Ғв”Ғв”Ғв”Ғв”Ғв”Ғв”Ғв”Ғв”Ғв”Ғ
рҹ“„ Sider testet:     9
вҷҝ WCAG-brudd:       [33m1[0m   (kritiske: 0, alvorlige: 0)
рҹ”— DГёde lenker:      [31m5[0m
рҹ”ҳ Knapper testet:   7 ([32m0[0m uten label)
рҹ–јпёҸ  Bilder testet:    23 ([32m0[0m uten alt)
рҹ“қ Skjemafelt:       2 ([32m0[0m uten label)
в”Ғв”Ғв”Ғв”Ғв”Ғв”Ғв”Ғв”Ғв”Ғв”Ғв”Ғв”Ғв”Ғв”Ғв”Ғв”Ғв”Ғв”Ғв”Ғв”Ғв”Ғв”Ғв”Ғв”Ғв”Ғв”Ғв”Ғв”Ғв”Ғв”Ғв”Ғв”Ғв”Ғв”Ғв”Ғв”Ғв”Ғв”Ғв”Ғв”Ғв”Ғв”Ғв”Ғв”Ғв”Ғв”Ғв”Ғв”Ғв”Ғв”Ғв”Ғв”Ғв”Ғв”Ғв”Ғв”Ғв”Ғв”Ғв”Ғв”Ғ

рҹ“Ғ HTML-rapport: /Users/ummearkhan/tester-KSTilskudd/rapporter/2026-04-17/uu-rapport.html

[2026-04-17 08:34:19] KjГёrer npm run monkey...

> uu-tester@1.0.0 monkey
> node monkey-tester.js


рҹҗ’ Starter monkey-testing av: https://tilskudd.fiks.test.ks.no/
рҹ“… Dato: 2026-04-17
рҹ”„ Iterasjoner: 60

  рҹ“Ө [1] Send skjema: "SГёk"
  вңҸпёҸ  [3] Fylte "Test bruker" i search-felt
  вңҸпёҸ  [4] Fylte "aaaaaaaaaaaaaaaaaaaaaaaaaaaaaaaaaaaaaaaa" i search-felt
  рҹ–ұпёҸ  [5] Klikket: "(ingen tekst)"
  рҹ”— [7] Klikket lenke: "KS Tilskudd"
  рҹ“Ө [8] Send skjema: "SГёk"
  в¬…пёҸ  [10] Gikk tilbake (browser back)
  рҹ–ұпёҸ  [11] Klikket: "SГёk"
  рҹҸ  [12] Reset til startside
  в¬…пёҸ  [13] Gikk tilbake (browser back)
  рҹ”— [14] Klikket lenke: "Punktlig Viktig Hund DaStimuleringsmidler til internasjonalt"
  рҹҸ  [15] Reset til startside
  рҹҸ  [16] Reset til startside
  вңҸпёҸ  [17] Fylte "Test bruker" i search-felt
  рҹҸ  [18] Reset til startside
  рҹ–ұпёҸ  [19] Klikket: "SГёk"
  рҹҸ  [20] Reset til startside
  рҹ–ұпёҸ  [21] Klikket: "SГёk"
  вңҸпёҸ  [22] Fylte "ГҰГёГҘ ГҶГҳГ…" i search-felt
  в¬…пёҸ  [23] Gikk tilbake (browser back)
  вңҸпёҸ  [24] Fylte "Test bruker" i search-felt
  в¬…пёҸ  [25] Gikk tilbake (browser back)
  рҹ”— [26] Klikket lenke: "Hjem"
  рҹ“Ө [27] Send skjema: "SГёk"
  рҹ”— [29] Klikket lenke: "KjГҰrlig Entusiastisk Tiger AsBIO-midlar 2026"
  рҹҸ  [30] Reset til startside
  рҹҸ  [31] Reset til startside
  вңҸпёҸ  [32] Fylte "" i search-felt
  рҹ–ұпёҸ  [33] Klikket: "SГёk"
  рҹ”— [34] Klikket lenke: "Punktlig Viktig Hund DaStimuleringsmidler til internasjonalt"
  рҹ–ұпёҸ  [35] Klikket: "SГёk"
  рҹ”— [36] Klikket lenke: "KjГҰrlig Entusiastisk Tiger AsBIO-midlar 2026"
  рҹҸ  [37] Reset til startside
  вңҸпёҸ  [38] Fylte "" i search-felt
  рҹ“Ө [39] Send skjema: "SГёk"
  рҹ”— [40] Klikket lenke: "KS Tilskudd"
  рҹ“Ө [41] Send skjema: "SГёk"
  в¬…пёҸ  [42] Gikk tilbake (browser back)
  рҹҸ  [43] Reset til startside
  рҹҸ  [44] Reset til startside
  рҹ“Ө [45] Send skjema: "SГёk"
  рҹ”— [46] Klikket lenke: "Logg inn"
  рҹ–ұпёҸ  [48] Klikket: "SГёk"
  рҹ”— [49] Klikket lenke: "KS Tilskudd"
  рҹ–ұпёҸ  [50] Klikket: "SГёk"
  вңҸпёҸ  [52] Fylte "<b>bold</b>" i search-felt
  вңҸпёҸ  [53] Fylte "ГҰГёГҘ ГҶГҳГ…" i search-felt
  рҹ–ұпёҸ  [55] Klikket: "(ingen tekst)"
  рҹ”— [56] Klikket lenke: "Punktlig Viktig Hund DaKommunalt nГҰringsfond Kristiansund 20"
  рҹҸ  [57] Reset til startside
  в¬…пёҸ  [58] Gikk tilbake (browser back)
  вҡЎ JS-feil: Minified React error #419; visit https://react.dev/errors/419 for the full messa
  в¬…пёҸ  [59] Gikk tilbake (browser back)
  вҡЎ JS-feil: Minified React error #419; visit https://react.dev/errors/419 for the full messa
  рҹ“Ө [60] Send skjema: "SГёk"

в”Ғв”Ғв”Ғв”Ғв”Ғв”Ғв”Ғв”Ғв”Ғв”Ғв”Ғв”Ғв”Ғв”Ғв”Ғв”Ғв”Ғв”Ғв”Ғв”Ғв”Ғв”Ғв”Ғв”Ғв”Ғв”Ғв”Ғв”Ғв”Ғв”Ғв”Ғв”Ғв”Ғв”Ғв”Ғв”Ғв”Ғв”Ғв”Ғв”Ғв”Ғв”Ғв”Ғв”Ғв”Ғв”Ғв”Ғв”Ғв”Ғв”Ғв”Ғв”Ғв”Ғв”Ғв”Ғв”Ғв”Ғв”Ғв”Ғв”Ғ
рҹҗ’ MONKEY-RAPPORT вҖ“ https://tilskudd.fiks.test.ks.no/
в”Ғв”Ғв”Ғв”Ғв”Ғв”Ғв”Ғв”Ғв”Ғв”Ғв”Ғв”Ғв”Ғв”Ғв”Ғв”Ғв”Ғв”Ғв”Ғв”Ғв”Ғв”Ғв”Ғв”Ғв”Ғв”Ғв”Ғв”Ғв”Ғв”Ғв”Ғв”Ғв”Ғв”Ғв”Ғв”Ғв”Ғв”Ғв”Ғв”Ғв”Ғв”Ғв”Ғв”Ғв”Ғв”Ғв”Ғв”Ғв”Ғв”Ғв”Ғв”Ғв”Ғв”Ғв”Ғв”Ғв”Ғв”Ғв”Ғв”Ғ
рҹ”„ Iterasjoner:      60
рҹ“„ Sider besГёkt:     8
вҡЎ JS-feil:          2
рҹ–ҘпёҸ  Konsoll-feil:     0
рҹҢҗ Nettverksfeil:    0
рҹ’Ҙ Kritiske funn:    5
вҸұпёҸ  Varighet:         35s
в”Ғв”Ғв”Ғв”Ғв”Ғв”Ғв”Ғв”Ғв”Ғв”Ғв”Ғв”Ғв”Ғв”Ғв”Ғв”Ғв”Ғв”Ғв”Ғв”Ғв”Ғв”Ғв”Ғв”Ғв”Ғв”Ғв”Ғв”Ғв”Ғв”Ғв”Ғв”Ғв”Ғв”Ғв”Ғв”Ғв”Ғв”Ғв”Ғв”Ғв”Ғв”Ғв”Ғв”Ғв”Ғв”Ғв”Ғв”Ғв”Ғв”Ғв”Ғв”Ғв”Ғв”Ғв”Ғв”Ғв”Ғв”Ғв”Ғв”Ғ

рҹ“Ғ Monkey-rapport: /Users/ummearkhan/tester-KSTilskudd/rapporter/2026-04-17/monkey-rapport.html
[2026-04-17 08:34:57] KjГёrer npm run sikkerhet...

> uu-tester@1.0.0 sikkerhet
> node sikkerhet-tester.js


рҹ”җ Starter sikkerhetstest av: https://tilskudd.fiks.test.ks.no/
рҹ“… Dato: 2026-04-17

рҹ“Ӣ Sjekker HTTP-sikkerhetshoder...
  вң… [OK] HSTS er satt
  вң… [OK] Content-Security-Policy er satt
  вң… [OK] X-Frame-Options er satt
  вң… [OK] X-Content-Type-Options er satt
  рҹ”ө [LAV] Manglende Referrer-Policy
  рҹ”ө [LAV] Manglende Permissions-Policy
  рҹ”ө [LAV] Manglende COOP
  рҹ”ө [LAV] Manglende CORP
рҹ•өпёҸ  Sjekker informasjonslekkasje i hoder...
рҹ”’ Sjekker HTTPS-hГҘndhevelse...
  вң… [OK] HTTP omdirigerer til HTTPS
рҹ“Ӯ Sjekker sensitive stier...
  рҹҹ  [ALVORLIG] Sensitiv sti tilgjengelig: /api
  рҹҹ  [ALVORLIG] Sensitiv sti tilgjengelig: /robots.txt
рҹҚӘ Sjekker cookie-sikkerhet...
  рҹҹЎ [MIDDELS] Cookie "07c80249a0769e869d701c22923ad7d0" har svake sikkerhetsattributter
рҹ”Җ Sjekker mixed content...
  вң… [OK] Ingen mixed content funnet
рҹ’ү Sjekker input-refleksjon...
  вң… [OK] SГёkefelt ser ut til ГҘ rense input
рҹҢҗ Sjekker CORS-konfigurasjon...
  вң… [OK] Ingen CORS-hoder вҖ“ standard same-origin-policy gjelder

в”Ғв”Ғв”Ғв”Ғв”Ғв”Ғв”Ғв”Ғв”Ғв”Ғв”Ғв”Ғв”Ғв”Ғв”Ғв”Ғв”Ғв”Ғв”Ғв”Ғв”Ғв”Ғв”Ғв”Ғв”Ғв”Ғв”Ғв”Ғв”Ғв”Ғв”Ғв”Ғв”Ғв”Ғв”Ғв”Ғв”Ғв”Ғв”Ғв”Ғв”Ғв”Ғв”Ғв”Ғв”Ғв”Ғв”Ғв”Ғв”Ғв”Ғв”Ғв”Ғв”Ғв”Ғв”Ғв”Ғв”Ғв”Ғв”Ғв”Ғ
рҹ”җ SIKKERHETSRAPPORT вҖ“ https://tilskudd.fiks.test.ks.no/
в”Ғв”Ғв”Ғв”Ғв”Ғв”Ғв”Ғв”Ғв”Ғв”Ғв”Ғв”Ғв”Ғв”Ғв”Ғв”Ғв”Ғв”Ғв”Ғв”Ғв”Ғв”Ғв”Ғв”Ғв”Ғв”Ғв”Ғв”Ғв”Ғв”Ғв”Ғв”Ғв”Ғв”Ғв”Ғв”Ғв”Ғв”Ғв”Ғв”Ғв”Ғв”Ғв”Ғв”Ғв”Ғв”Ғв”Ғв”Ғв”Ғв”Ғв”Ғв”Ғв”Ғв”Ғв”Ғв”Ғв”Ғв”Ғв”Ғв”Ғ
рҹ”ҙ Kritiske:   0
рҹҹ  Alvorlige:  2
рҹҹЎ Moderate:   1
рҹ”ө Lave:       4
вң… BestГҘtt:    8
рҹ“Ҡ Score:      67/100
вҸұпёҸ  Varighet:   5s
в”Ғв”Ғв”Ғв”Ғв”Ғв”Ғв”Ғв”Ғв”Ғв”Ғв”Ғв”Ғв”Ғв”Ғв”Ғв”Ғв”Ғв”Ғв”Ғв”Ғв”Ғв”Ғв”Ғв”Ғв”Ғв”Ғв”Ғв”Ғв”Ғв”Ғв”Ғв”Ғв”Ғв”Ғв”Ғв”Ғв”Ғв”Ғв”Ғв”Ғв”Ғв”Ғв”Ғв”Ғв”Ғв”Ғв”Ғв”Ғв”Ғв”Ғв”Ғв”Ғв”Ғв”Ғв”Ғв”Ғв”Ғв”Ғв”Ғв”Ғ

рҹ“Ғ Sikkerhetsrapport: /Users/ummearkhan/tester-KSTilskudd/rapporter/2026-04-17/sikkerhet-rapport.html
[2026-04-17 08:35:10] KjГёrer npm run negativ...

> uu-tester@1.0.0 negativ
> node negativ-tester.js


рҹ§Ә Starter negativ testing av: https://tilskudd.fiks.test.ks.no/
рҹ“… Dato: 2026-04-17


рҹ“қ Kategori 1: Skjema-validering
  вң… Tom sГёkeinnsending
  вң… SГёk med ekstremt lang tekst (2000 tegn)
  вң… SГёk med spesialtegn
  вң… SГёk med kun mellomrom
  вң… SГёk med norske tegn (ГҰГёГҘ)
  вң… SQL-lignende sГёketekst

рҹ”— Kategori 2: URL-validering
  вҡ пёҸ Ukjent side
  вҡ пёҸ Ugyldig UUID i URL
  вҡ пёҸ Null-UUID
  вң… Path traversal-forsГёk
  вҡ пёҸ Kodet path traversal
  вң… Ugyldig sГёknads-ID

рҹ”Җ Kategori 3: NavigasjonsrekkefГёlge
  вң… Direkte tilgang til sГёknadsskjema uten forside
  вң… Browser tilbake fra sГёknadsskjema
  вң… Rask frem-og-tilbake-navigasjon (5x)
  вң… Dobbelt-klikk pГҘ handlingsknapp

рҹҢҗ Kategori 4: Nettleserfunksjoner
  вң… Sideoppdatering (F5) under sГёknad
  вң… Siden uten JavaScript
  вң… Smal mobilvisning (320px bredde)
  вң… Stor skjerm (3840Г—2160)

рҹ”‘ Kategori 5: Tilstand og sesjon
  вң… Last side etter sletting av alle cookies
  вң… Last side etter tГёmming av localStorage
  вң… Direkte tilgang til "Min side" uten innlogging

в”Ғв”Ғв”Ғв”Ғв”Ғв”Ғв”Ғв”Ғв”Ғв”Ғв”Ғв”Ғв”Ғв”Ғв”Ғв”Ғв”Ғв”Ғв”Ғв”Ғв”Ғв”Ғв”Ғв”Ғв”Ғв”Ғв”Ғв”Ғв”Ғв”Ғв”Ғв”Ғв”Ғв”Ғв”Ғв”Ғв”Ғв”Ғв”Ғв”Ғв”Ғв”Ғв”Ғв”Ғв”Ғв”Ғв”Ғв”Ғв”Ғв”Ғв”Ғв”Ғв”Ғв”Ғв”Ғв”Ғв”Ғв”Ғв”Ғв”Ғ
рҹ§Ә NEGATIV-TESTRAPPORT вҖ“ https://tilskudd.fiks.test.ks.no/
в”Ғв”Ғв”Ғв”Ғв”Ғв”Ғв”Ғв”Ғв”Ғв”Ғв”Ғв”Ғв”Ғв”Ғв”Ғв”Ғв”Ғв”Ғв”Ғв”Ғв”Ғв”Ғв”Ғв”Ғв”Ғв”Ғв”Ғв”Ғв”Ғв”Ғв”Ғв”Ғв”Ғв”Ғв”Ғв”Ғв”Ғв”Ғв”Ғв”Ғв”Ғв”Ғв”Ғв”Ғв”Ғв”Ғв”Ғв”Ғв”Ғв”Ғв”Ғв”Ғв”Ғв”Ғв”Ғв”Ғв”Ғв”Ғв”Ғв”Ғ
вң… BestГҘtt:   19
вҡ пёҸ  Advarsler: 4
вқҢ Feil:      0
рҹ“Ҡ Score:     80/100
вҸұпёҸ  Varighet:  29s
в”Ғв”Ғв”Ғв”Ғв”Ғв”Ғв”Ғв”Ғв”Ғв”Ғв”Ғв”Ғв”Ғв”Ғв”Ғв”Ғв”Ғв”Ғв”Ғв”Ғв”Ғв”Ғв”Ғв”Ғв”Ғв”Ғв”Ғв”Ғв”Ғв”Ғв”Ғв”Ғв”Ғв”Ғв”Ғв”Ғв”Ғв”Ғв”Ғв”Ғв”Ғв”Ғв”Ғв”Ғв”Ғв”Ғв”Ғв”Ғв”Ғв”Ғв”Ғв”Ғв”Ғв”Ғв”Ғв”Ғв”Ғв”Ғв”Ғв”Ғ

рҹ“Ғ Negativ-rapport: /Users/ummearkhan/tester-KSTilskudd/rapporter/2026-04-17/negativ-rapport.html
[2026-04-17 08:35:39] KjГёrer npm run arkiv...

> uu-tester@1.0.0 arkiv
> node generer-arkiv.js

вң… Siste rapporter og skjermdumper kopiert til docs/ (2026-04-17)
вң… Arkiv generert вҶ’ docs/arkiv.html
   Datoer: 7 | UU: 12 | Monkey: 10 | Sikkerhet: 8 | Negativ: 8
вң… Dashboard generert вҶ’ docs/rapport.html
[2026-04-17 08:35:41] вң… Ferdig og pushet til GitHub
=======================================
[2026-04-20 08:30:05] Starter daglig UU-test
[2026-04-20 08:30:05] Node: v24.12.0
[2026-04-20 08:30:05] KjГёrer npm run rapport...

> uu-tester@1.0.0 rapport
> node uu-tester.js


рҹ”Қ Starter UU-analyse av: https://tilskudd.fiks.test.ks.no/
рҹ“… Dato: 2026-04-20
рҹ“„ Maks antall sider: 20

рҹ“„ [1/20] Analyserer: https://tilskudd.fiks.test.ks.no
  рҹ“ё Tar skjermdumper av 0 brudd...
рҹ“„ [2/20] Analyserer: https://tilskudd.fiks.test.ks.no/ordninger
  рҹ“ё Tar skjermdumper av 1 brudd...
рҹ“„ [3/20] Analyserer: https://tilskudd.fiks.test.ks.no/minside
  рҹ“ё Tar skjermdumper av 0 brudd...
рҹ“„ [4/20] Analyserer: https://tilskudd.fiks.test.ks.no/ordninger/553b5d8c-209e-410e-88c6-a6cb79d714dc
  рҹ“ё Tar skjermdumper av 0 brudd...
рҹ“„ [5/20] Analyserer: https://tilskudd.fiks.test.ks.no/ordninger/7082abd8-4f23-43e9-adce-c4762b848b81
  рҹ“ё Tar skjermdumper av 0 brudd...
рҹ“„ [6/20] Analyserer: https://tilskudd.fiks.test.ks.no/ordninger/b39a60ca-08e4-476c-88a1-a78fe3cd7983
  рҹ“ё Tar skjermdumper av 0 brudd...
рҹ“„ [7/20] Analyserer: https://tilskudd.fiks.test.ks.no/ordninger/cbc3a2eb-42bd-49db-b2e7-0f66e13a56a0
  рҹ“ё Tar skjermdumper av 0 brudd...
рҹ“„ [8/20] Analyserer: https://tilskudd.fiks.test.ks.no/ordninger/72ad6a5b-3819-446b-881d-eed1d5dd9ed6
  рҹ“ё Tar skjermdumper av 0 brudd...
рҹ“„ [9/20] Analyserer: https://tilskudd.fiks.test.ks.no/soknad/opprett
  рҹ“ё Tar skjermdumper av 0 brudd...

в”Ғв”Ғв”Ғв”Ғв”Ғв”Ғв”Ғв”Ғв”Ғв”Ғв”Ғв”Ғв”Ғв”Ғв”Ғв”Ғв”Ғв”Ғв”Ғв”Ғв”Ғв”Ғв”Ғв”Ғв”Ғв”Ғв”Ғв”Ғв”Ғв”Ғв”Ғв”Ғв”Ғв”Ғв”Ғв”Ғв”Ғв”Ғв”Ғв”Ғв”Ғв”Ғв”Ғв”Ғв”Ғв”Ғв”Ғв”Ғв”Ғв”Ғв”Ғв”Ғв”Ғв”Ғв”Ғв”Ғв”Ғв”Ғв”Ғв”Ғ
рҹ“Ҡ RAPPORT вҖ“ https://tilskudd.fiks.test.ks.no/
в”Ғв”Ғв”Ғв”Ғв”Ғв”Ғв”Ғв”Ғв”Ғв”Ғв”Ғв”Ғв”Ғв”Ғв”Ғв”Ғв”Ғв”Ғв”Ғв”Ғв”Ғв”Ғв”Ғв”Ғв”Ғв”Ғв”Ғв”Ғв”Ғв”Ғв”Ғв”Ғв”Ғв”Ғв”Ғв”Ғв”Ғв”Ғв”Ғв”Ғв”Ғв”Ғв”Ғв”Ғв”Ғв”Ғв”Ғв”Ғв”Ғв”Ғв”Ғв”Ғв”Ғв”Ғв”Ғв”Ғв”Ғв”Ғв”Ғв”Ғ
рҹ“„ Sider testet:     9
вҷҝ WCAG-brudd:       [33m1[0m   (kritiske: 0, alvorlige: 0)
рҹ”— DГёde lenker:      [31m5[0m
рҹ”ҳ Knapper testet:   7 ([32m0[0m uten label)
рҹ–јпёҸ  Bilder testet:    23 ([32m0[0m uten alt)
рҹ“қ Skjemafelt:       2 ([32m0[0m uten label)
в”Ғв”Ғв”Ғв”Ғв”Ғв”Ғв”Ғв”Ғв”Ғв”Ғв”Ғв”Ғв”Ғв”Ғв”Ғв”Ғв”Ғв”Ғв”Ғв”Ғв”Ғв”Ғв”Ғв”Ғв”Ғв”Ғв”Ғв”Ғв”Ғв”Ғв”Ғв”Ғв”Ғв”Ғв”Ғв”Ғв”Ғв”Ғв”Ғв”Ғв”Ғв”Ғв”Ғв”Ғв”Ғв”Ғв”Ғв”Ғв”Ғв”Ғв”Ғв”Ғв”Ғв”Ғв”Ғв”Ғв”Ғв”Ғв”Ғв”Ғ

рҹ“Ғ HTML-rapport: /Users/ummearkhan/tester-KSTilskudd/rapporter/2026-04-20/uu-rapport.html

[2026-04-20 08:30:26] KjГёrer npm run monkey...

> uu-tester@1.0.0 monkey
> node monkey-tester.js


рҹҗ’ Starter monkey-testing av: https://tilskudd.fiks.test.ks.no/
рҹ“… Dato: 2026-04-20
рҹ”„ Iterasjoner: 60

  рҹ–ұпёҸ  [1] Klikket: "SГёk"
  рҹҸ  [2] Reset til startside
  рҹ–ұпёҸ  [3] Klikket: "SГёk"
  вңҸпёҸ  [4] Fylte "ГҰГёГҘ ГҶГҳГ…" i search-felt
  вңҸпёҸ  [5] Fylte "-1" i search-felt
  рҹ–ұпёҸ  [7] Klikket: "(ingen tekst)"
  рҹҸ  [8] Reset til startside
  рҹ–ұпёҸ  [9] Klikket: "SГёk"
  рҹ”— [10] Klikket lenke: "Tilskuddsordninger"
  рҹ”— [11] Klikket lenke: "KS Tilskudd"
  рҹ–ұпёҸ  [12] Klikket: "SГёk"
  рҹ”— [13] Klikket lenke: "Hjem"
  рҹҸ  [14] Reset til startside
  вңҸпёҸ  [15] Fylte "99999999999999999999" i search-felt
  вңҸпёҸ  [16] Fylte "<b>bold</b>" i search-felt
  рҹ–ұпёҸ  [17] Klikket: "(ingen tekst)"
  вңҸпёҸ  [18] Fylte "" i search-felt
  рҹҸ  [19] Reset til startside
  рҹ–ұпёҸ  [20] Klikket: "SГёk"
  рҹ”— [22] Klikket lenke: "Punktlig Viktig Hund DaStimuleringsmidler til internasjonalt"
  рҹ–ұпёҸ  [23] Klikket: "SГёk"
  вңҸпёҸ  [24] Fylte "0" i search-felt
  рҹ–ұпёҸ  [25] Klikket: "(ingen tekst)"
  вңҸпёҸ  [26] Fylte "-1" i search-felt
  рҹ–ұпёҸ  [27] Klikket: "(ingen tekst)"
  рҹ”— [29] Klikket lenke: "Vissen Produktiv FjellrevArktis 2030"
  рҹ”— [31] Klikket lenke: "KS Tilskudd"
  рҹ–ұпёҸ  [32] Klikket: "SГёk"
  вңҸпёҸ  [34] Fylte "aaaaaaaaaaaaaaaaaaaaaaaaaaaaaaaaaaaaaaaa" i search-felt
  вңҸпёҸ  [36] Fylte "   " i search-felt
  вңҸпёҸ  [38] Fylte "<b>bold</b>" i search-felt
  рҹҸ  [39] Reset til startside
  рҹ–ұпёҸ  [40] Klikket: "SГёk"
  в¬…пёҸ  [41] Gikk tilbake (browser back)
  рҹҸ  [42] Reset til startside
  в¬…пёҸ  [43] Gikk tilbake (browser back)
  рҹҸ  [44] Reset til startside
  рҹ–ұпёҸ  [45] Klikket: "SГёk"
  рҹ”— [46] Klikket lenke: "Punktlig Viktig Hund DaKommunalt nГҰringsfond Kristiansund 20"
  вңҸпёҸ  [47] Fylte "null undefined NaN" i search-felt
  рҹ–ұпёҸ  [48] Klikket: "SГёk"
  вңҸпёҸ  [49] Fylte "null undefined NaN" i search-felt
  рҹҸ  [51] Reset til startside
  рҹҸ  [52] Reset til startside
  рҹ–ұпёҸ  [53] Klikket: "SГёk"
  рҹ”— [54] Klikket lenke: "KS Tilskudd"
  вңҸпёҸ  [55] Fylte "" i search-felt
  рҹ“Ө [56] Send skjema: "SГёk"
  рҹҸ  [57] Reset til startside
  рҹ–ұпёҸ  [58] Klikket: "SГёk"
  рҹҸ  [59] Reset til startside
  рҹҸ  [60] Reset til startside

в”Ғв”Ғв”Ғв”Ғв”Ғв”Ғв”Ғв”Ғв”Ғв”Ғв”Ғв”Ғв”Ғв”Ғв”Ғв”Ғв”Ғв”Ғв”Ғв”Ғв”Ғв”Ғв”Ғв”Ғв”Ғв”Ғв”Ғв”Ғв”Ғв”Ғв”Ғв”Ғв”Ғв”Ғв”Ғв”Ғв”Ғв”Ғв”Ғв”Ғв”Ғв”Ғв”Ғв”Ғв”Ғв”Ғв”Ғв”Ғв”Ғв”Ғв”Ғв”Ғв”Ғв”Ғв”Ғв”Ғв”Ғв”Ғв”Ғв”Ғ
рҹҗ’ MONKEY-RAPPORT вҖ“ https://tilskudd.fiks.test.ks.no/
в”Ғв”Ғв”Ғв”Ғв”Ғв”Ғв”Ғв”Ғв”Ғв”Ғв”Ғв”Ғв”Ғв”Ғв”Ғв”Ғв”Ғв”Ғв”Ғв”Ғв”Ғв”Ғв”Ғв”Ғв”Ғв”Ғв”Ғв”Ғв”Ғв”Ғв”Ғв”Ғв”Ғв”Ғв”Ғв”Ғв”Ғв”Ғв”Ғв”Ғв”Ғв”Ғв”Ғв”Ғв”Ғв”Ғв”Ғв”Ғв”Ғв”Ғв”Ғв”Ғв”Ғв”Ғв”Ғв”Ғв”Ғв”Ғв”Ғв”Ғ
рҹ”„ Iterasjoner:      60
рҹ“„ Sider besГёkt:     8
вҡЎ JS-feil:          0
рҹ–ҘпёҸ  Konsoll-feil:     0
рҹҢҗ Nettverksfeil:    0
рҹ’Ҙ Kritiske funn:    2
вҸұпёҸ  Varighet:         30s
в”Ғв”Ғв”Ғв”Ғв”Ғв”Ғв”Ғв”Ғв”Ғв”Ғв”Ғв”Ғв”Ғв”Ғв”Ғв”Ғв”Ғв”Ғв”Ғв”Ғв”Ғв”Ғв”Ғв”Ғв”Ғв”Ғв”Ғв”Ғв”Ғв”Ғв”Ғв”Ғв”Ғв”Ғв”Ғв”Ғв”Ғв”Ғв”Ғв”Ғв”Ғв”Ғв”Ғв”Ғв”Ғв”Ғв”Ғв”Ғв”Ғв”Ғв”Ғв”Ғв”Ғв”Ғв”Ғв”Ғв”Ғв”Ғв”Ғв”Ғ

рҹ“Ғ Monkey-rapport: /Users/ummearkhan/tester-KSTilskudd/rapporter/2026-04-20/monkey-rapport.html
[2026-04-20 08:30:57] KjГёrer npm run sikkerhet...

> uu-tester@1.0.0 sikkerhet
> node sikkerhet-tester.js


рҹ”җ Starter sikkerhetstest av: https://tilskudd.fiks.test.ks.no/
рҹ“… Dato: 2026-04-20

рҹ“Ӣ Sjekker HTTP-sikkerhetshoder...
  вң… [OK] HSTS er satt
  вң… [OK] Content-Security-Policy er satt
  вң… [OK] X-Frame-Options er satt
  вң… [OK] X-Content-Type-Options er satt
  рҹ”ө [LAV] Manglende Referrer-Policy
  рҹ”ө [LAV] Manglende Permissions-Policy
  рҹ”ө [LAV] Manglende COOP
  рҹ”ө [LAV] Manglende CORP
рҹ•өпёҸ  Sjekker informasjonslekkasje i hoder...
рҹ”’ Sjekker HTTPS-hГҘndhevelse...
  вң… [OK] HTTP omdirigerer til HTTPS
рҹ“Ӯ Sjekker sensitive stier...
  рҹҹ  [ALVORLIG] Sensitiv sti tilgjengelig: /api
  рҹҹ  [ALVORLIG] Sensitiv sti tilgjengelig: /robots.txt
рҹҚӘ Sjekker cookie-sikkerhet...
  рҹҹЎ [MIDDELS] Cookie "07c80249a0769e869d701c22923ad7d0" har svake sikkerhetsattributter
рҹ”Җ Sjekker mixed content...
  вң… [OK] Ingen mixed content funnet
рҹ’ү Sjekker input-refleksjon...
  вң… [OK] SГёkefelt ser ut til ГҘ rense input
рҹҢҗ Sjekker CORS-konfigurasjon...
  вң… [OK] Ingen CORS-hoder вҖ“ standard same-origin-policy gjelder

в”Ғв”Ғв”Ғв”Ғв”Ғв”Ғв”Ғв”Ғв”Ғв”Ғв”Ғв”Ғв”Ғв”Ғв”Ғв”Ғв”Ғв”Ғв”Ғв”Ғв”Ғв”Ғв”Ғв”Ғв”Ғв”Ғв”Ғв”Ғв”Ғв”Ғв”Ғв”Ғв”Ғв”Ғв”Ғв”Ғв”Ғв”Ғв”Ғв”Ғв”Ғв”Ғв”Ғв”Ғв”Ғв”Ғв”Ғв”Ғв”Ғв”Ғв”Ғв”Ғв”Ғв”Ғв”Ғв”Ғв”Ғв”Ғв”Ғв”Ғ
рҹ”җ SIKKERHETSRAPPORT вҖ“ https://tilskudd.fiks.test.ks.no/
в”Ғв”Ғв”Ғв”Ғв”Ғв”Ғв”Ғв”Ғв”Ғв”Ғв”Ғв”Ғв”Ғв”Ғв”Ғв”Ғв”Ғв”Ғв”Ғв”Ғв”Ғв”Ғв”Ғв”Ғв”Ғв”Ғв”Ғв”Ғв”Ғв”Ғв”Ғв”Ғв”Ғв”Ғв”Ғв”Ғв”Ғв”Ғв”Ғв”Ғв”Ғв”Ғв”Ғв”Ғв”Ғв”Ғв”Ғв”Ғв”Ғв”Ғв”Ғв”Ғв”Ғв”Ғв”Ғв”Ғв”Ғв”Ғв”Ғв”Ғ
рҹ”ҙ Kritiske:   0
рҹҹ  Alvorlige:  2
рҹҹЎ Moderate:   1
рҹ”ө Lave:       4
вң… BestГҘtt:    8
рҹ“Ҡ Score:      67/100
вҸұпёҸ  Varighet:   4s
в”Ғв”Ғв”Ғв”Ғв”Ғв”Ғв”Ғв”Ғв”Ғв”Ғв”Ғв”Ғв”Ғв”Ғв”Ғв”Ғв”Ғв”Ғв”Ғв”Ғв”Ғв”Ғв”Ғв”Ғв”Ғв”Ғв”Ғв”Ғв”Ғв”Ғв”Ғв”Ғв”Ғв”Ғв”Ғв”Ғв”Ғв”Ғв”Ғв”Ғв”Ғв”Ғв”Ғв”Ғв”Ғв”Ғв”Ғв”Ғв”Ғв”Ғв”Ғв”Ғв”Ғв”Ғв”Ғв”Ғв”Ғв”Ғв”Ғв”Ғ

рҹ“Ғ Sikkerhetsrapport: /Users/ummearkhan/tester-KSTilskudd/rapporter/2026-04-20/sikkerhet-rapport.html
[2026-04-20 08:31:10] KjГёrer npm run negativ...

> uu-tester@1.0.0 negativ
> node negativ-tester.js


рҹ§Ә Starter negativ testing av: https://tilskudd.fiks.test.ks.no/
рҹ“… Dato: 2026-04-20


рҹ“қ Kategori 1: Skjema-validering
  вң… Tom sГёkeinnsending
  вң… SГёk med ekstremt lang tekst (2000 tegn)
  вң… SГёk med spesialtegn
  вң… SГёk med kun mellomrom
  вң… SГёk med norske tegn (ГҰГёГҘ)
  вң… SQL-lignende sГёketekst

рҹ”— Kategori 2: URL-validering
  вҡ пёҸ Ukjent side
  вҡ пёҸ Ugyldig UUID i URL
  вҡ пёҸ Null-UUID
  вң… Path traversal-forsГёk
  вҡ пёҸ Kodet path traversal
  вң… Ugyldig sГёknads-ID

рҹ”Җ Kategori 3: NavigasjonsrekkefГёlge
  вң… Direkte tilgang til sГёknadsskjema uten forside
  вң… Browser tilbake fra sГёknadsskjema
  вң… Rask frem-og-tilbake-navigasjon (5x)
  вң… Dobbelt-klikk pГҘ handlingsknapp

рҹҢҗ Kategori 4: Nettleserfunksjoner
  вң… Sideoppdatering (F5) under sГёknad
  вң… Siden uten JavaScript
  вң… Smal mobilvisning (320px bredde)
  вң… Stor skjerm (3840Г—2160)

рҹ”‘ Kategori 5: Tilstand og sesjon
  вң… Last side etter sletting av alle cookies
  вң… Last side etter tГёmming av localStorage
  вң… Direkte tilgang til "Min side" uten innlogging

в”Ғв”Ғв”Ғв”Ғв”Ғв”Ғв”Ғв”Ғв”Ғв”Ғв”Ғв”Ғв”Ғв”Ғв”Ғв”Ғв”Ғв”Ғв”Ғв”Ғв”Ғв”Ғв”Ғв”Ғв”Ғв”Ғв”Ғв”Ғв”Ғв”Ғв”Ғв”Ғв”Ғв”Ғв”Ғв”Ғв”Ғв”Ғв”Ғв”Ғв”Ғв”Ғв”Ғв”Ғв”Ғв”Ғв”Ғв”Ғв”Ғв”Ғв”Ғв”Ғв”Ғв”Ғв”Ғв”Ғв”Ғв”Ғв”Ғв”Ғ
рҹ§Ә NEGATIV-TESTRAPPORT вҖ“ https://tilskudd.fiks.test.ks.no/
в”Ғв”Ғв”Ғв”Ғв”Ғв”Ғв”Ғв”Ғв”Ғв”Ғв”Ғв”Ғв”Ғв”Ғв”Ғв”Ғв”Ғв”Ғв”Ғв”Ғв”Ғв”Ғв”Ғв”Ғв”Ғв”Ғв”Ғв”Ғв”Ғв”Ғв”Ғв”Ғв”Ғв”Ғв”Ғв”Ғв”Ғв”Ғв”Ғв”Ғв”Ғв”Ғв”Ғв”Ғв”Ғв”Ғв”Ғв”Ғв”Ғв”Ғв”Ғв”Ғв”Ғв”Ғв”Ғв”Ғв”Ғв”Ғв”Ғв”Ғ
вң… BestГҘtt:   19
вҡ пёҸ  Advarsler: 4
вқҢ Feil:      0
рҹ“Ҡ Score:     80/100
вҸұпёҸ  Varighet:  27s
в”Ғв”Ғв”Ғв”Ғв”Ғв”Ғв”Ғв”Ғв”Ғв”Ғв”Ғв”Ғв”Ғв”Ғв”Ғв”Ғв”Ғв”Ғв”Ғв”Ғв”Ғв”Ғв”Ғв”Ғв”Ғв”Ғв”Ғв”Ғв”Ғв”Ғв”Ғв”Ғв”Ғв”Ғв”Ғв”Ғв”Ғв”Ғв”Ғв”Ғв”Ғв”Ғв”Ғв”Ғв”Ғв”Ғв”Ғв”Ғв”Ғв”Ғв”Ғв”Ғв”Ғв”Ғв”Ғв”Ғв”Ғв”Ғв”Ғв”Ғ

рҹ“Ғ Negativ-rapport: /Users/ummearkhan/tester-KSTilskudd/rapporter/2026-04-20/negativ-rapport.html
[2026-04-20 08:31:38] KjГёrer npm run arkiv...

> uu-tester@1.0.0 arkiv
> node generer-arkiv.js

вң… Siste rapporter og skjermdumper kopiert til docs/ (2026-04-20)
вң… Arkiv generert вҶ’ docs/arkiv.html
   Datoer: 8 | UU: 13 | Monkey: 11 | Sikkerhet: 9 | Negativ: 9
вң… Dashboard generert вҶ’ docs/rapport.html
[2026-04-20 08:31:40] вң… Ferdig og pushet til GitHub
[2026-04-21 00:16:25] рҹҡҖ Starter tester (ikke kjГёrt i dag)
=======================================
[2026-04-21 00:16:25] Starter daglig UU-test
[2026-04-21 00:16:26] Node: v24.12.0
[2026-04-21 00:16:26] KjГёrer npm run rapport...

> uu-tester@1.0.0 rapport
> node uu-tester.js


рҹ”Қ Starter UU-analyse av: https://tilskudd.fiks.test.ks.no/
рҹ“… Dato: 2026-04-20
рҹ“„ Maks antall sider: 20

рҹ“„ [1/20] Analyserer: https://tilskudd.fiks.test.ks.no
  рҹ“ё Tar skjermdumper av 0 brudd...
рҹ“„ [2/20] Analyserer: https://tilskudd.fiks.test.ks.no/ordninger
  рҹ“ё Tar skjermdumper av 1 brudd...
рҹ“„ [3/20] Analyserer: https://tilskudd.fiks.test.ks.no/minside
  рҹ“ё Tar skjermdumper av 0 brudd...
рҹ“„ [4/20] Analyserer: https://tilskudd.fiks.test.ks.no/ordninger/553b5d8c-209e-410e-88c6-a6cb79d714dc
  рҹ“ё Tar skjermdumper av 0 brudd...
рҹ“„ [5/20] Analyserer: https://tilskudd.fiks.test.ks.no/ordninger/7082abd8-4f23-43e9-adce-c4762b848b81
  рҹ“ё Tar skjermdumper av 0 brudd...
рҹ“„ [6/20] Analyserer: https://tilskudd.fiks.test.ks.no/ordninger/b39a60ca-08e4-476c-88a1-a78fe3cd7983
  рҹ“ё Tar skjermdumper av 0 brudd...
рҹ“„ [7/20] Analyserer: https://tilskudd.fiks.test.ks.no/ordninger/cbc3a2eb-42bd-49db-b2e7-0f66e13a56a0
  рҹ“ё Tar skjermdumper av 0 brudd...
рҹ“„ [8/20] Analyserer: https://tilskudd.fiks.test.ks.no/ordninger/72ad6a5b-3819-446b-881d-eed1d5dd9ed6
  рҹ“ё Tar skjermdumper av 0 brudd...
рҹ“„ [9/20] Analyserer: https://tilskudd.fiks.test.ks.no/soknad/opprett
  рҹ“ё Tar skjermdumper av 0 brudd...

в”Ғв”Ғв”Ғв”Ғв”Ғв”Ғв”Ғв”Ғв”Ғв”Ғв”Ғв”Ғв”Ғв”Ғв”Ғв”Ғв”Ғв”Ғв”Ғв”Ғв”Ғв”Ғв”Ғв”Ғв”Ғв”Ғв”Ғв”Ғв”Ғв”Ғв”Ғв”Ғв”Ғв”Ғв”Ғв”Ғв”Ғв”Ғв”Ғв”Ғв”Ғв”Ғв”Ғв”Ғв”Ғв”Ғв”Ғв”Ғв”Ғв”Ғв”Ғв”Ғв”Ғв”Ғв”Ғв”Ғв”Ғв”Ғв”Ғв”Ғ
рҹ“Ҡ RAPPORT вҖ“ https://tilskudd.fiks.test.ks.no/
в”Ғв”Ғв”Ғв”Ғв”Ғв”Ғв”Ғв”Ғв”Ғв”Ғв”Ғв”Ғв”Ғв”Ғв”Ғв”Ғв”Ғв”Ғв”Ғв”Ғв”Ғв”Ғв”Ғв”Ғв”Ғв”Ғв”Ғв”Ғв”Ғв”Ғв”Ғв”Ғв”Ғв”Ғв”Ғв”Ғв”Ғв”Ғв”Ғв”Ғв”Ғв”Ғв”Ғв”Ғв”Ғв”Ғв”Ғв”Ғв”Ғв”Ғв”Ғв”Ғв”Ғв”Ғв”Ғв”Ғв”Ғв”Ғв”Ғв”Ғ
рҹ“„ Sider testet:     9
вҷҝ WCAG-brudd:       [33m1[0m   (kritiske: 0, alvorlige: 0)
рҹ”— DГёde lenker:      [31m5[0m
рҹ”ҳ Knapper testet:   7 ([32m0[0m uten label)
рҹ–јпёҸ  Bilder testet:    23 ([32m0[0m uten alt)
рҹ“қ Skjemafelt:       2 ([32m0[0m uten label)
в”Ғв”Ғв”Ғв”Ғв”Ғв”Ғв”Ғв”Ғв”Ғв”Ғв”Ғв”Ғв”Ғв”Ғв”Ғв”Ғв”Ғв”Ғв”Ғв”Ғв”Ғв”Ғв”Ғв”Ғв”Ғв”Ғв”Ғв”Ғв”Ғв”Ғв”Ғв”Ғв”Ғв”Ғв”Ғв”Ғв”Ғв”Ғв”Ғв”Ғв”Ғв”Ғв”Ғв”Ғв”Ғв”Ғв”Ғв”Ғв”Ғв”Ғв”Ғв”Ғв”Ғв”Ғв”Ғв”Ғв”Ғв”Ғв”Ғв”Ғ

рҹ“Ғ HTML-rapport: /Users/ummearkhan/tester-KSTilskudd/rapporter/2026-04-20/uu-rapport.html

[2026-04-21 00:16:52] KjГёrer npm run monkey...

> uu-tester@1.0.0 monkey
> node monkey-tester.js


рҹҗ’ Starter monkey-testing av: https://tilskudd.fiks.test.ks.no/
рҹ“… Dato: 2026-04-20
рҹ”„ Iterasjoner: 60

  рҹ–ұпёҸ  [1] Klikket: "SГёk"
  рҹҸ  [2] Reset til startside
  рҹҸ  [3] Reset til startside
  рҹ–ұпёҸ  [4] Klikket: "SГёk"
  рҹҸ  [5] Reset til startside
  рҹ–ұпёҸ  [6] Klikket: "SГёk"
  вңҸпёҸ  [7] Fylte "null undefined NaN" i search-felt
  рҹҸ  [8] Reset til startside
  в¬…пёҸ  [9] Gikk tilbake (browser back)
  вңҸпёҸ  [11] Fylte "haolgmsvs6k 6mwrd6h8o3 oiuiha3pd3 4urrlg" i search-felt
  рҹ–ұпёҸ  [12] Klikket: "(ingen tekst)"
  рҹҸ  [13] Reset til startside
  рҹ–ұпёҸ  [14] Klikket: "SГёk"
  рҹҸ  [15] Reset til startside
  вңҸпёҸ  [16] Fylte "" i search-felt
  вңҸпёҸ  [17] Fylte "   " i search-felt
  рҹҸ  [18] Reset til startside
  вңҸпёҸ  [19] Fylte "" i search-felt
  рҹҸ  [20] Reset til startside
  вңҸпёҸ  [21] Fylte "99999999999999999999" i search-felt
  в¬…пёҸ  [22] Gikk tilbake (browser back)
  рҹ”— [23] Klikket lenke: "Vissen Produktiv FjellrevArktis 2030"
  рҹ”— [27] Klikket lenke: "KS Tilskudd"
  вңҸпёҸ  [28] Fylte "   " i search-felt
  рҹҸ  [29] Reset til startside
  рҹ–ұпёҸ  [30] Klikket: "SГёk"
  рҹ”— [31] Klikket lenke: "Logg inn"
  рҹ–ұпёҸ  [33] Klikket: "SГёk"
  вңҸпёҸ  [34] Fylte "!@#$%&*()" i search-felt
  рҹ–ұпёҸ  [35] Klikket: "(ingen tekst)"
  рҹ”— [38] Klikket lenke: "Hjem"
  в¬…пёҸ  [39] Gikk tilbake (browser back)
  рҹҸ  [41] Reset til startside
  рҹ–ұпёҸ  [42] Klikket: "SГёk"
  вңҸпёҸ  [43] Fylte "" i search-felt
  рҹҸ  [44] Reset til startside
  рҹ–ұпёҸ  [45] Klikket: "SГёk"
  рҹ”— [46] Klikket lenke: "Vissen Produktiv FjellrevArktis 2030"
  рҹ”— [47] Klikket lenke: "Hjem"
  рҹҸ  [48] Reset til startside
  рҹ–ұпёҸ  [49] Klikket: "SГёk"
  рҹҸ  [50] Reset til startside
  рҹ–ұпёҸ  [51] Klikket: "SГёk"
  рҹ”— [52] Klikket lenke: "KjГҰrlig Entusiastisk Tiger AsBIO-midlar 2026"
  рҹ”— [53] Klikket lenke: "KS Tilskudd"
  в¬…пёҸ  [54] Gikk tilbake (browser back)
  в¬…пёҸ  [58] Gikk tilbake (browser back)
  вңҸпёҸ  [59] Fylte "ГҰГёГҘ ГҶГҳГ…" i search-felt
  рҹҸ  [60] Reset til startside

в”Ғв”Ғв”Ғв”Ғв”Ғв”Ғв”Ғв”Ғв”Ғв”Ғв”Ғв”Ғв”Ғв”Ғв”Ғв”Ғв”Ғв”Ғв”Ғв”Ғв”Ғв”Ғв”Ғв”Ғв”Ғв”Ғв”Ғв”Ғв”Ғв”Ғв”Ғв”Ғв”Ғв”Ғв”Ғв”Ғв”Ғв”Ғв”Ғв”Ғв”Ғв”Ғв”Ғв”Ғв”Ғв”Ғв”Ғв”Ғв”Ғв”Ғв”Ғв”Ғв”Ғв”Ғв”Ғв”Ғв”Ғв”Ғв”Ғв”Ғ
рҹҗ’ MONKEY-RAPPORT вҖ“ https://tilskudd.fiks.test.ks.no/
в”Ғв”Ғв”Ғв”Ғв”Ғв”Ғв”Ғв”Ғв”Ғв”Ғв”Ғв”Ғв”Ғв”Ғв”Ғв”Ғв”Ғв”Ғв”Ғв”Ғв”Ғв”Ғв”Ғв”Ғв”Ғв”Ғв”Ғв”Ғв”Ғв”Ғв”Ғв”Ғв”Ғв”Ғв”Ғв”Ғв”Ғв”Ғв”Ғв”Ғв”Ғв”Ғв”Ғв”Ғв”Ғв”Ғв”Ғв”Ғв”Ғв”Ғв”Ғв”Ғв”Ғв”Ғв”Ғв”Ғв”Ғв”Ғв”Ғв”Ғ
рҹ”„ Iterasjoner:      60
рҹ“„ Sider besГёkt:     6
вҡЎ JS-feil:          0
рҹ–ҘпёҸ  Konsoll-feil:     0
рҹҢҗ Nettverksfeil:    0
рҹ’Ҙ Kritiske funn:    0
вҸұпёҸ  Varighet:         25s
в”Ғв”Ғв”Ғв”Ғв”Ғв”Ғв”Ғв”Ғв”Ғв”Ғв”Ғв”Ғв”Ғв”Ғв”Ғв”Ғв”Ғв”Ғв”Ғв”Ғв”Ғв”Ғв”Ғв”Ғв”Ғв”Ғв”Ғв”Ғв”Ғв”Ғв”Ғв”Ғв”Ғв”Ғв”Ғв”Ғв”Ғв”Ғв”Ғв”Ғв”Ғв”Ғв”Ғв”Ғв”Ғв”Ғв”Ғв”Ғв”Ғв”Ғв”Ғв”Ғв”Ғв”Ғв”Ғв”Ғв”Ғв”Ғв”Ғв”Ғ

рҹ“Ғ Monkey-rapport: /Users/ummearkhan/tester-KSTilskudd/rapporter/2026-04-20/monkey-rapport.html
[2026-04-21 00:17:18] KjГёrer npm run sikkerhet...

> uu-tester@1.0.0 sikkerhet
> node sikkerhet-tester.js


рҹ”җ Starter sikkerhetstest av: https://tilskudd.fiks.test.ks.no/
рҹ“… Dato: 2026-04-20

рҹ“Ӣ Sjekker HTTP-sikkerhetshoder...
  вң… [OK] HSTS er satt
  вң… [OK] Content-Security-Policy er satt
  вң… [OK] X-Frame-Options er satt
  вң… [OK] X-Content-Type-Options er satt
  рҹ”ө [LAV] Manglende Referrer-Policy
  рҹ”ө [LAV] Manglende Permissions-Policy
  рҹ”ө [LAV] Manglende COOP
  рҹ”ө [LAV] Manglende CORP
рҹ•өпёҸ  Sjekker informasjonslekkasje i hoder...
рҹ”’ Sjekker HTTPS-hГҘndhevelse...
  вң… [OK] HTTP omdirigerer til HTTPS
рҹ“Ӯ Sjekker sensitive stier...
  рҹҹ  [ALVORLIG] Sensitiv sti tilgjengelig: /api
  рҹҹ  [ALVORLIG] Sensitiv sti tilgjengelig: /robots.txt
рҹҚӘ Sjekker cookie-sikkerhet...
  рҹҹЎ [MIDDELS] Cookie "07c80249a0769e869d701c22923ad7d0" har svake sikkerhetsattributter
рҹ”Җ Sjekker mixed content...
  вң… [OK] Ingen mixed content funnet
рҹ’ү Sjekker input-refleksjon...
  вң… [OK] SГёkefelt ser ut til ГҘ rense input
рҹҢҗ Sjekker CORS-konfigurasjon...
  вң… [OK] Ingen CORS-hoder вҖ“ standard same-origin-policy gjelder

в”Ғв”Ғв”Ғв”Ғв”Ғв”Ғв”Ғв”Ғв”Ғв”Ғв”Ғв”Ғв”Ғв”Ғв”Ғв”Ғв”Ғв”Ғв”Ғв”Ғв”Ғв”Ғв”Ғв”Ғв”Ғв”Ғв”Ғв”Ғв”Ғв”Ғв”Ғв”Ғв”Ғв”Ғв”Ғв”Ғв”Ғв”Ғв”Ғв”Ғв”Ғв”Ғв”Ғв”Ғв”Ғв”Ғв”Ғв”Ғв”Ғв”Ғв”Ғв”Ғв”Ғв”Ғв”Ғв”Ғв”Ғв”Ғв”Ғв”Ғ
рҹ”җ SIKKERHETSRAPPORT вҖ“ https://tilskudd.fiks.test.ks.no/
в”Ғв”Ғв”Ғв”Ғв”Ғв”Ғв”Ғв”Ғв”Ғв”Ғв”Ғв”Ғв”Ғв”Ғв”Ғв”Ғв”Ғв”Ғв”Ғв”Ғв”Ғв”Ғв”Ғв”Ғв”Ғв”Ғв”Ғв”Ғв”Ғв”Ғв”Ғв”Ғв”Ғв”Ғв”Ғв”Ғв”Ғв”Ғв”Ғв”Ғв”Ғв”Ғв”Ғв”Ғв”Ғв”Ғв”Ғв”Ғв”Ғв”Ғв”Ғв”Ғв”Ғв”Ғв”Ғв”Ғв”Ғв”Ғв”Ғв”Ғ
рҹ”ҙ Kritiske:   0
рҹҹ  Alvorlige:  2
рҹҹЎ Moderate:   1
рҹ”ө Lave:       4
вң… BestГҘtt:    8
рҹ“Ҡ Score:      67/100
вҸұпёҸ  Varighet:   4s
в”Ғв”Ғв”Ғв”Ғв”Ғв”Ғв”Ғв”Ғв”Ғв”Ғв”Ғв”Ғв”Ғв”Ғв”Ғв”Ғв”Ғв”Ғв”Ғв”Ғв”Ғв”Ғв”Ғв”Ғв”Ғв”Ғв”Ғв”Ғв”Ғв”Ғв”Ғв”Ғв”Ғв”Ғв”Ғв”Ғв”Ғв”Ғв”Ғв”Ғв”Ғв”Ғв”Ғв”Ғв”Ғв”Ғв”Ғв”Ғв”Ғв”Ғв”Ғв”Ғв”Ғв”Ғв”Ғв”Ғв”Ғв”Ғв”Ғв”Ғ

рҹ“Ғ Sikkerhetsrapport: /Users/ummearkhan/tester-KSTilskudd/rapporter/2026-04-20/sikkerhet-rapport.html
[2026-04-21 00:17:30] KjГёrer npm run negativ...

> uu-tester@1.0.0 negativ
> node negativ-tester.js


рҹ§Ә Starter negativ testing av: https://tilskudd.fiks.test.ks.no/
рҹ“… Dato: 2026-04-20


рҹ“қ Kategori 1: Skjema-validering
  вң… Tom sГёkeinnsending
  вң… SГёk med ekstremt lang tekst (2000 tegn)
  вң… SГёk med spesialtegn
  вң… SГёk med kun mellomrom
  вң… SГёk med norske tegn (ГҰГёГҘ)
  вң… SQL-lignende sГёketekst

рҹ”— Kategori 2: URL-validering
  вҡ пёҸ Ukjent side
  вҡ пёҸ Ugyldig UUID i URL
  вҡ пёҸ Null-UUID
  вң… Path traversal-forsГёk
  вҡ пёҸ Kodet path traversal
  вң… Ugyldig sГёknads-ID

рҹ”Җ Kategori 3: NavigasjonsrekkefГёlge
  вң… Direkte tilgang til sГёknadsskjema uten forside
  вң… Browser tilbake fra sГёknadsskjema
  вң… Rask frem-og-tilbake-navigasjon (5x)
  вң… Dobbelt-klikk pГҘ handlingsknapp

рҹҢҗ Kategori 4: Nettleserfunksjoner
  вң… Sideoppdatering (F5) under sГёknad
  вң… Siden uten JavaScript
  вң… Smal mobilvisning (320px bredde)
  вң… Stor skjerm (3840Г—2160)

рҹ”‘ Kategori 5: Tilstand og sesjon
  вң… Last side etter sletting av alle cookies
  вң… Last side etter tГёmming av localStorage
  вң… Direkte tilgang til "Min side" uten innlogging

в”Ғв”Ғв”Ғв”Ғв”Ғв”Ғв”Ғв”Ғв”Ғв”Ғв”Ғв”Ғв”Ғв”Ғв”Ғв”Ғв”Ғв”Ғв”Ғв”Ғв”Ғв”Ғв”Ғв”Ғв”Ғв”Ғв”Ғв”Ғв”Ғв”Ғв”Ғв”Ғв”Ғв”Ғв”Ғв”Ғв”Ғв”Ғв”Ғв”Ғв”Ғв”Ғв”Ғв”Ғв”Ғв”Ғв”Ғв”Ғв”Ғв”Ғв”Ғв”Ғв”Ғв”Ғв”Ғв”Ғв”Ғв”Ғв”Ғв”Ғ
рҹ§Ә NEGATIV-TESTRAPPORT вҖ“ https://tilskudd.fiks.test.ks.no/
в”Ғв”Ғв”Ғв”Ғв”Ғв”Ғв”Ғв”Ғв”Ғв”Ғв”Ғв”Ғв”Ғв”Ғв”Ғв”Ғв”Ғв”Ғв”Ғв”Ғв”Ғв”Ғв”Ғв”Ғв”Ғв”Ғв”Ғв”Ғв”Ғв”Ғв”Ғв”Ғв”Ғв”Ғв”Ғв”Ғв”Ғв”Ғв”Ғв”Ғв”Ғв”Ғв”Ғв”Ғв”Ғв”Ғв”Ғв”Ғв”Ғв”Ғв”Ғв”Ғв”Ғв”Ғв”Ғв”Ғв”Ғв”Ғв”Ғв”Ғ
вң… BestГҘtt:   19
вҡ пёҸ  Advarsler: 4
вқҢ Feil:      0
рҹ“Ҡ Score:     80/100
вҸұпёҸ  Varighet:  27s
в”Ғв”Ғв”Ғв”Ғв”Ғв”Ғв”Ғв”Ғв”Ғв”Ғв”Ғв”Ғв”Ғв”Ғв”Ғв”Ғв”Ғв”Ғв”Ғв”Ғв”Ғв”Ғв”Ғв”Ғв”Ғв”Ғв”Ғв”Ғв”Ғв”Ғв”Ғв”Ғв”Ғв”Ғв”Ғв”Ғв”Ғв”Ғв”Ғв”Ғв”Ғв”Ғв”Ғв”Ғв”Ғв”Ғв”Ғв”Ғв”Ғв”Ғв”Ғв”Ғв”Ғв”Ғв”Ғв”Ғв”Ғв”Ғв”Ғв”Ғ

рҹ“Ғ Negativ-rapport: /Users/ummearkhan/tester-KSTilskudd/rapporter/2026-04-20/negativ-rapport.html
[2026-04-21 00:17:57] KjГёrer npm run arkiv...

> uu-tester@1.0.0 arkiv
> node generer-arkiv.js

вң… Siste rapporter og skjermdumper kopiert til docs/ (2026-04-20)
вң… Arkiv generert вҶ’ docs/arkiv.html
   Datoer: 8 | UU: 15 | Monkey: 12 | Sikkerhet: 10 | Negativ: 10
вң… Dashboard generert вҶ’ docs/rapport.html
[2026-04-21 00:17:59] вң… Ferdig og pushet til GitHub
[2026-04-21 01:35:28] рҹҡҖ Starter tester (ikke kjГёrt i dag)
=======================================
[2026-04-21 01:35:28] Starter daglig UU-test
[2026-04-21 01:35:28] Node: v24.12.0
[2026-04-21 01:35:28] KjГёrer npm run rapport...

> uu-tester@1.0.0 rapport
> node uu-tester.js


рҹ”Қ Starter UU-analyse av: https://tilskudd.fiks.test.ks.no/
рҹ“… Dato: 2026-04-20
рҹ“„ Maks antall sider: 20

рҹ“„ [1/20] Analyserer: https://tilskudd.fiks.test.ks.no
  рҹ“ё Tar skjermdumper av 0 brudd...
рҹ“„ [2/20] Analyserer: https://tilskudd.fiks.test.ks.no/ordninger
  рҹ“ё Tar skjermdumper av 1 brudd...
рҹ“„ [3/20] Analyserer: https://tilskudd.fiks.test.ks.no/minside
  рҹ“ё Tar skjermdumper av 0 brudd...
рҹ“„ [4/20] Analyserer: https://tilskudd.fiks.test.ks.no/ordninger/553b5d8c-209e-410e-88c6-a6cb79d714dc
  рҹ“ё Tar skjermdumper av 0 brudd...
рҹ“„ [5/20] Analyserer: https://tilskudd.fiks.test.ks.no/ordninger/7082abd8-4f23-43e9-adce-c4762b848b81
  рҹ“ё Tar skjermdumper av 0 brudd...
рҹ“„ [6/20] Analyserer: https://tilskudd.fiks.test.ks.no/ordninger/b39a60ca-08e4-476c-88a1-a78fe3cd7983
  рҹ“ё Tar skjermdumper av 0 brudd...
рҹ“„ [7/20] Analyserer: https://tilskudd.fiks.test.ks.no/ordninger/cbc3a2eb-42bd-49db-b2e7-0f66e13a56a0
  рҹ“ё Tar skjermdumper av 0 brudd...
рҹ“„ [8/20] Analyserer: https://tilskudd.fiks.test.ks.no/ordninger/72ad6a5b-3819-446b-881d-eed1d5dd9ed6
  рҹ“ё Tar skjermdumper av 0 brudd...
рҹ“„ [9/20] Analyserer: https://tilskudd.fiks.test.ks.no/soknad/opprett
  рҹ“ё Tar skjermdumper av 0 brudd...

в”Ғв”Ғв”Ғв”Ғв”Ғв”Ғв”Ғв”Ғв”Ғв”Ғв”Ғв”Ғв”Ғв”Ғв”Ғв”Ғв”Ғв”Ғв”Ғв”Ғв”Ғв”Ғв”Ғв”Ғв”Ғв”Ғв”Ғв”Ғв”Ғв”Ғв”Ғв”Ғв”Ғв”Ғв”Ғв”Ғв”Ғв”Ғв”Ғв”Ғв”Ғв”Ғв”Ғв”Ғв”Ғв”Ғв”Ғв”Ғв”Ғв”Ғв”Ғв”Ғв”Ғв”Ғв”Ғв”Ғв”Ғв”Ғв”Ғв”Ғ
рҹ“Ҡ RAPPORT вҖ“ https://tilskudd.fiks.test.ks.no/
в”Ғв”Ғв”Ғв”Ғв”Ғв”Ғв”Ғв”Ғв”Ғв”Ғв”Ғв”Ғв”Ғв”Ғв”Ғв”Ғв”Ғв”Ғв”Ғв”Ғв”Ғв”Ғв”Ғв”Ғв”Ғв”Ғв”Ғв”Ғв”Ғв”Ғв”Ғв”Ғв”Ғв”Ғв”Ғв”Ғв”Ғв”Ғв”Ғв”Ғв”Ғв”Ғв”Ғв”Ғв”Ғв”Ғв”Ғв”Ғв”Ғв”Ғв”Ғв”Ғв”Ғв”Ғв”Ғв”Ғв”Ғв”Ғв”Ғв”Ғ
рҹ“„ Sider testet:     9
вҷҝ WCAG-brudd:       [33m1[0m   (kritiske: 0, alvorlige: 0)
рҹ”— DГёde lenker:      [31m5[0m
рҹ”ҳ Knapper testet:   7 ([32m0[0m uten label)
рҹ–јпёҸ  Bilder testet:    23 ([32m0[0m uten alt)
рҹ“қ Skjemafelt:       2 ([32m0[0m uten label)
в”Ғв”Ғв”Ғв”Ғв”Ғв”Ғв”Ғв”Ғв”Ғв”Ғв”Ғв”Ғв”Ғв”Ғв”Ғв”Ғв”Ғв”Ғв”Ғв”Ғв”Ғв”Ғв”Ғв”Ғв”Ғв”Ғв”Ғв”Ғв”Ғв”Ғв”Ғв”Ғв”Ғв”Ғв”Ғв”Ғв”Ғв”Ғв”Ғв”Ғв”Ғв”Ғв”Ғв”Ғв”Ғв”Ғв”Ғв”Ғв”Ғв”Ғв”Ғв”Ғв”Ғв”Ғв”Ғв”Ғв”Ғв”Ғв”Ғв”Ғ

рҹ“Ғ HTML-rapport: /Users/ummearkhan/tester-KSTilskudd/rapporter/2026-04-20/uu-rapport.html

[2026-04-21 01:35:49] KjГёrer npm run monkey...

> uu-tester@1.0.0 monkey
> node monkey-tester.js


рҹҗ’ Starter monkey-testing av: https://tilskudd.fiks.test.ks.no/
рҹ“… Dato: 2026-04-20
рҹ”„ Iterasjoner: 60

  рҹ–ұпёҸ  [1] Klikket: "SГёk"
  в¬…пёҸ  [2] Gikk tilbake (browser back)
  рҹ“Ө [3] Send skjema: "SГёk"
  рҹ”— [4] Klikket lenke: "Punktlig Viktig Hund DaStimuleringsmidler til internasjonalt"
  рҹ“Ө [5] Send skjema: "SГёk"
  рҹҸ  [6] Reset til startside
  рҹҸ  [7] Reset til startside
  рҹ–ұпёҸ  [8] Klikket: "SГёk"
  в¬…пёҸ  [9] Gikk tilbake (browser back)
  в¬…пёҸ  [10] Gikk tilbake (browser back)
  рҹ”— [12] Klikket lenke: "Punktlig Viktig Hund DaStimuleringsmidler til internasjonalt"
  в¬…пёҸ  [13] Gikk tilbake (browser back)
  вҡЎ JS-feil: Minified React error #419; visit https://react.dev/errors/419 for the full messa
  рҹ“Ө [14] Send skjema: "SГёk"
  в¬…пёҸ  [15] Gikk tilbake (browser back)
  рҹ“Ө [16] Send skjema: "SГёk"
  рҹҸ  [17] Reset til startside
  рҹ–ұпёҸ  [18] Klikket: "SГёk"
  рҹ”— [19] Klikket lenke: "Vissen Produktiv FjellrevArktis 2030"
  рҹ”— [20] Klikket lenke: "Ordninger"
  вңҸпёҸ  [23] Fylte "99999999999999999999" i search-felt
  рҹ–ұпёҸ  [24] Klikket: "(ingen tekst)"
  рҹҸ  [25] Reset til startside
  рҹ–ұпёҸ  [26] Klikket: "SГёk"
  рҹ”— [27] Klikket lenke: "Punktlig Viktig Hund DaStimuleringsmidler til internasjonalt"
  рҹ“Ө [28] Send skjema: "SГёk"
  вңҸпёҸ  [29] Fylte "Test bruker" i search-felt
  вңҸпёҸ  [30] Fylte "0" i search-felt
  рҹ–ұпёҸ  [31] Klikket: "(ingen tekst)"
  рҹ”— [34] Klikket lenke: "SkГҘnsom Impulsiv Tiger AsForskning og innovasjon i bedrift"
  вңҸпёҸ  [35] Fylte "99999999999999999999" i search-felt
  рҹ“Ө [36] Send skjema: "SГёk"
  рҹ–ұпёҸ  [37] Klikket: "(ingen tekst)"
  рҹ”— [38] Klikket lenke: "Tilskuddsordninger"
  рҹ”— [39] Klikket lenke: "KS Tilskudd"
  в¬…пёҸ  [40] Gikk tilbake (browser back)
  рҹ”— [41] Klikket lenke: "KjГҰrlig Entusiastisk Tiger AsBIO-midlar 2026"
  в¬…пёҸ  [43] Gikk tilbake (browser back)
  рҹ”— [44] Klikket lenke: "Punktlig Viktig Hund DaKommunalt nГҰringsfond Kristiansund 20"
  вңҸпёҸ  [45] Fylte "<b>bold</b>" i search-felt
  вңҸпёҸ  [46] Fylte "Test bruker" i search-felt
  рҹ–ұпёҸ  [47] Klikket: "SГёk"
  рҹҸ  [48] Reset til startside
  рҹ“Ө [49] Send skjema: "SГёk"
  рҹҸ  [50] Reset til startside
  вңҸпёҸ  [51] Fylte "Test bruker" i search-felt
  в¬…пёҸ  [52] Gikk tilbake (browser back)
  рҹ”— [53] Klikket lenke: "Punktlig Viktig Hund DaKommunalt nГҰringsfond Kristiansund 20"
  в¬…пёҸ  [54] Gikk tilbake (browser back)
  вҡЎ JS-feil: Minified React error #419; visit https://react.dev/errors/419 for the full messa
  вңҸпёҸ  [55] Fylte "ГҰГёГҘ ГҶГҳГ…" i search-felt
  вңҸпёҸ  [56] Fylte "aaaaaaaaaaaaaaaaaaaaaaaaaaaaaaaaaaaaaaaa" i search-felt
  рҹ–ұпёҸ  [57] Klikket: "SГёk"
  рҹ–ұпёҸ  [58] Klikket: "(ingen tekst)"
  в¬…пёҸ  [59] Gikk tilbake (browser back)
  рҹ–ұпёҸ  [60] Klikket: "SГёk"

в”Ғв”Ғв”Ғв”Ғв”Ғв”Ғв”Ғв”Ғв”Ғв”Ғв”Ғв”Ғв”Ғв”Ғв”Ғв”Ғв”Ғв”Ғв”Ғв”Ғв”Ғв”Ғв”Ғв”Ғв”Ғв”Ғв”Ғв”Ғв”Ғв”Ғв”Ғв”Ғв”Ғв”Ғв”Ғв”Ғв”Ғв”Ғв”Ғв”Ғв”Ғв”Ғв”Ғв”Ғв”Ғв”Ғв”Ғв”Ғв”Ғв”Ғв”Ғв”Ғв”Ғв”Ғв”Ғв”Ғв”Ғв”Ғв”Ғв”Ғ
рҹҗ’ MONKEY-RAPPORT вҖ“ https://tilskudd.fiks.test.ks.no/
в”Ғв”Ғв”Ғв”Ғв”Ғв”Ғв”Ғв”Ғв”Ғв”Ғв”Ғв”Ғв”Ғв”Ғв”Ғв”Ғв”Ғв”Ғв”Ғв”Ғв”Ғв”Ғв”Ғв”Ғв”Ғв”Ғв”Ғв”Ғв”Ғв”Ғв”Ғв”Ғв”Ғв”Ғв”Ғв”Ғв”Ғв”Ғв”Ғв”Ғв”Ғв”Ғв”Ғв”Ғв”Ғв”Ғв”Ғв”Ғв”Ғв”Ғв”Ғв”Ғв”Ғв”Ғв”Ғв”Ғв”Ғв”Ғв”Ғв”Ғ
рҹ”„ Iterasjoner:      60
рҹ“„ Sider besГёkt:     8
вҡЎ JS-feil:          2
рҹ–ҘпёҸ  Konsoll-feil:     0
рҹҢҗ Nettverksfeil:    0
рҹ’Ҙ Kritiske funn:    8
вҸұпёҸ  Varighet:         38s
в”Ғв”Ғв”Ғв”Ғв”Ғв”Ғв”Ғв”Ғв”Ғв”Ғв”Ғв”Ғв”Ғв”Ғв”Ғв”Ғв”Ғв”Ғв”Ғв”Ғв”Ғв”Ғв”Ғв”Ғв”Ғв”Ғв”Ғв”Ғв”Ғв”Ғв”Ғв”Ғв”Ғв”Ғв”Ғв”Ғв”Ғв”Ғв”Ғв”Ғв”Ғв”Ғв”Ғв”Ғв”Ғв”Ғв”Ғв”Ғв”Ғв”Ғв”Ғв”Ғв”Ғв”Ғв”Ғв”Ғв”Ғв”Ғв”Ғв”Ғ

рҹ“Ғ Monkey-rapport: /Users/ummearkhan/tester-KSTilskudd/rapporter/2026-04-20/monkey-rapport.html
[2026-04-21 01:36:28] KjГёrer npm run sikkerhet...

> uu-tester@1.0.0 sikkerhet
> node sikkerhet-tester.js


рҹ”җ Starter sikkerhetstest av: https://tilskudd.fiks.test.ks.no/
рҹ“… Dato: 2026-04-20

рҹ“Ӣ Sjekker HTTP-sikkerhetshoder...
  вң… [OK] HSTS er satt
  вң… [OK] Content-Security-Policy er satt
  вң… [OK] X-Frame-Options er satt
  вң… [OK] X-Content-Type-Options er satt
  рҹ”ө [LAV] Manglende Referrer-Policy
  рҹ”ө [LAV] Manglende Permissions-Policy
  рҹ”ө [LAV] Manglende COOP
  рҹ”ө [LAV] Manglende CORP
рҹ•өпёҸ  Sjekker informasjonslekkasje i hoder...
рҹ”’ Sjekker HTTPS-hГҘndhevelse...
  вң… [OK] HTTP omdirigerer til HTTPS
рҹ“Ӯ Sjekker sensitive stier...
  рҹҹ  [ALVORLIG] Sensitiv sti tilgjengelig: /api
  рҹҹ  [ALVORLIG] Sensitiv sti tilgjengelig: /robots.txt
рҹҚӘ Sjekker cookie-sikkerhet...
  рҹҹЎ [MIDDELS] Cookie "07c80249a0769e869d701c22923ad7d0" har svake sikkerhetsattributter
рҹ”Җ Sjekker mixed content...
  вң… [OK] Ingen mixed content funnet
рҹ’ү Sjekker input-refleksjon...
  вң… [OK] SГёkefelt ser ut til ГҘ rense input
рҹҢҗ Sjekker CORS-konfigurasjon...
  вң… [OK] Ingen CORS-hoder вҖ“ standard same-origin-policy gjelder

в”Ғв”Ғв”Ғв”Ғв”Ғв”Ғв”Ғв”Ғв”Ғв”Ғв”Ғв”Ғв”Ғв”Ғв”Ғв”Ғв”Ғв”Ғв”Ғв”Ғв”Ғв”Ғв”Ғв”Ғв”Ғв”Ғв”Ғв”Ғв”Ғв”Ғв”Ғв”Ғв”Ғв”Ғв”Ғв”Ғв”Ғв”Ғв”Ғв”Ғв”Ғв”Ғв”Ғв”Ғв”Ғв”Ғв”Ғв”Ғв”Ғв”Ғв”Ғв”Ғв”Ғв”Ғв”Ғв”Ғв”Ғв”Ғв”Ғв”Ғ
рҹ”җ SIKKERHETSRAPPORT вҖ“ https://tilskudd.fiks.test.ks.no/
в”Ғв”Ғв”Ғв”Ғв”Ғв”Ғв”Ғв”Ғв”Ғв”Ғв”Ғв”Ғв”Ғв”Ғв”Ғв”Ғв”Ғв”Ғв”Ғв”Ғв”Ғв”Ғв”Ғв”Ғв”Ғв”Ғв”Ғв”Ғв”Ғв”Ғв”Ғв”Ғв”Ғв”Ғв”Ғв”Ғв”Ғв”Ғв”Ғв”Ғв”Ғв”Ғв”Ғв”Ғв”Ғв”Ғв”Ғв”Ғв”Ғв”Ғв”Ғв”Ғв”Ғв”Ғв”Ғв”Ғв”Ғв”Ғв”Ғв”Ғ
рҹ”ҙ Kritiske:   0
рҹҹ  Alvorlige:  2
рҹҹЎ Moderate:   1
рҹ”ө Lave:       4
вң… BestГҘtt:    8
рҹ“Ҡ Score:      67/100
вҸұпёҸ  Varighet:   4s
в”Ғв”Ғв”Ғв”Ғв”Ғв”Ғв”Ғв”Ғв”Ғв”Ғв”Ғв”Ғв”Ғв”Ғв”Ғв”Ғв”Ғв”Ғв”Ғв”Ғв”Ғв”Ғв”Ғв”Ғв”Ғв”Ғв”Ғв”Ғв”Ғв”Ғв”Ғв”Ғв”Ғв”Ғв”Ғв”Ғв”Ғв”Ғв”Ғв”Ғв”Ғв”Ғв”Ғв”Ғв”Ғв”Ғв”Ғв”Ғв”Ғв”Ғв”Ғв”Ғв”Ғв”Ғв”Ғв”Ғв”Ғв”Ғв”Ғв”Ғ

рҹ“Ғ Sikkerhetsrapport: /Users/ummearkhan/tester-KSTilskudd/rapporter/2026-04-20/sikkerhet-rapport.html
[2026-04-21 01:36:40] KjГёrer npm run negativ...

> uu-tester@1.0.0 negativ
> node negativ-tester.js


рҹ§Ә Starter negativ testing av: https://tilskudd.fiks.test.ks.no/
рҹ“… Dato: 2026-04-20


рҹ“қ Kategori 1: Skjema-validering
  вң… Tom sГёkeinnsending
  вң… SГёk med ekstremt lang tekst (2000 tegn)
  вң… SГёk med spesialtegn
  вң… SГёk med kun mellomrom
  вң… SГёk med norske tegn (ГҰГёГҘ)
  вң… SQL-lignende sГёketekst

рҹ”— Kategori 2: URL-validering
  вҡ пёҸ Ukjent side
  вҡ пёҸ Ugyldig UUID i URL
  вҡ пёҸ Null-UUID
  вң… Path traversal-forsГёk
  вҡ пёҸ Kodet path traversal
  вң… Ugyldig sГёknads-ID

рҹ”Җ Kategori 3: NavigasjonsrekkefГёlge
  вң… Direkte tilgang til sГёknadsskjema uten forside
  вң… Browser tilbake fra sГёknadsskjema
  вң… Rask frem-og-tilbake-navigasjon (5x)
  вң… Dobbelt-klikk pГҘ handlingsknapp

рҹҢҗ Kategori 4: Nettleserfunksjoner
  вң… Sideoppdatering (F5) under sГёknad
  вң… Siden uten JavaScript
  вң… Smal mobilvisning (320px bredde)
  вң… Stor skjerm (3840Г—2160)

рҹ”‘ Kategori 5: Tilstand og sesjon
  вң… Last side etter sletting av alle cookies
  вң… Last side etter tГёmming av localStorage
  вң… Direkte tilgang til "Min side" uten innlogging

в”Ғв”Ғв”Ғв”Ғв”Ғв”Ғв”Ғв”Ғв”Ғв”Ғв”Ғв”Ғв”Ғв”Ғв”Ғв”Ғв”Ғв”Ғв”Ғв”Ғв”Ғв”Ғв”Ғв”Ғв”Ғв”Ғв”Ғв”Ғв”Ғв”Ғв”Ғв”Ғв”Ғв”Ғв”Ғв”Ғв”Ғв”Ғв”Ғв”Ғв”Ғв”Ғв”Ғв”Ғв”Ғв”Ғв”Ғв”Ғв”Ғв”Ғв”Ғв”Ғв”Ғв”Ғв”Ғв”Ғв”Ғв”Ғв”Ғв”Ғ
рҹ§Ә NEGATIV-TESTRAPPORT вҖ“ https://tilskudd.fiks.test.ks.no/
в”Ғв”Ғв”Ғв”Ғв”Ғв”Ғв”Ғв”Ғв”Ғв”Ғв”Ғв”Ғв”Ғв”Ғв”Ғв”Ғв”Ғв”Ғв”Ғв”Ғв”Ғв”Ғв”Ғв”Ғв”Ғв”Ғв”Ғв”Ғв”Ғв”Ғв”Ғв”Ғв”Ғв”Ғв”Ғв”Ғв”Ғв”Ғв”Ғв”Ғв”Ғв”Ғв”Ғв”Ғв”Ғв”Ғв”Ғв”Ғв”Ғв”Ғв”Ғв”Ғв”Ғв”Ғв”Ғв”Ғв”Ғв”Ғв”Ғв”Ғ
вң… BestГҘtt:   19
вҡ пёҸ  Advarsler: 4
вқҢ Feil:      0
рҹ“Ҡ Score:     80/100
вҸұпёҸ  Varighet:  27s
в”Ғв”Ғв”Ғв”Ғв”Ғв”Ғв”Ғв”Ғв”Ғв”Ғв”Ғв”Ғв”Ғв”Ғв”Ғв”Ғв”Ғв”Ғв”Ғв”Ғв”Ғв”Ғв”Ғв”Ғв”Ғв”Ғв”Ғв”Ғв”Ғв”Ғв”Ғв”Ғв”Ғв”Ғв”Ғв”Ғв”Ғв”Ғв”Ғв”Ғв”Ғв”Ғв”Ғв”Ғв”Ғв”Ғв”Ғв”Ғв”Ғв”Ғв”Ғв”Ғв”Ғв”Ғв”Ғв”Ғв”Ғв”Ғв”Ғв”Ғ

рҹ“Ғ Negativ-rapport: /Users/ummearkhan/tester-KSTilskudd/rapporter/2026-04-20/negativ-rapport.html
[2026-04-21 01:37:07] KjГёrer npm run arkiv...

> uu-tester@1.0.0 arkiv
> node generer-arkiv.js

вң… Siste rapporter og skjermdumper kopiert til docs/ (2026-04-20)
вң… Arkiv generert вҶ’ docs/arkiv.html
   Datoer: 8 | UU: 16 | Monkey: 13 | Sikkerhet: 11 | Negativ: 11
вң… Dashboard generert вҶ’ docs/rapport.html
[2026-04-21 01:37:09] вң… Ferdig og pushet til GitHub
[2026-04-21 02:07:10] рҹҡҖ Starter tester (ikke kjГёrt i dag)
=======================================
[2026-04-21 02:07:10] Starter daglig UU-test
[2026-04-21 02:07:10] Node: v24.12.0
[2026-04-21 02:07:10] KjГёrer npm run rapport...

> uu-tester@1.0.0 rapport
> node uu-tester.js


рҹ”Қ Starter UU-analyse av: https://tilskudd.fiks.test.ks.no/
рҹ“… Dato: 2026-04-21
рҹ“„ Maks antall sider: 20

рҹ“„ [1/20] Analyserer: https://tilskudd.fiks.test.ks.no
  рҹ“ё Tar skjermdumper av 0 brudd...
рҹ“„ [2/20] Analyserer: https://tilskudd.fiks.test.ks.no/ordninger
  рҹ“ё Tar skjermdumper av 1 brudd...
рҹ“„ [3/20] Analyserer: https://tilskudd.fiks.test.ks.no/minside
  рҹ“ё Tar skjermdumper av 0 brudd...
рҹ“„ [4/20] Analyserer: https://tilskudd.fiks.test.ks.no/ordninger/553b5d8c-209e-410e-88c6-a6cb79d714dc
  рҹ“ё Tar skjermdumper av 0 brudd...
рҹ“„ [5/20] Analyserer: https://tilskudd.fiks.test.ks.no/ordninger/7082abd8-4f23-43e9-adce-c4762b848b81
  рҹ“ё Tar skjermdumper av 0 brudd...
рҹ“„ [6/20] Analyserer: https://tilskudd.fiks.test.ks.no/ordninger/b39a60ca-08e4-476c-88a1-a78fe3cd7983
  рҹ“ё Tar skjermdumper av 0 brudd...
рҹ“„ [7/20] Analyserer: https://tilskudd.fiks.test.ks.no/ordninger/cbc3a2eb-42bd-49db-b2e7-0f66e13a56a0
  рҹ“ё Tar skjermdumper av 0 brudd...
рҹ“„ [8/20] Analyserer: https://tilskudd.fiks.test.ks.no/ordninger/72ad6a5b-3819-446b-881d-eed1d5dd9ed6
  рҹ“ё Tar skjermdumper av 0 brudd...
рҹ“„ [9/20] Analyserer: https://tilskudd.fiks.test.ks.no/soknad/opprett
  рҹ“ё Tar skjermdumper av 0 brudd...

в”Ғв”Ғв”Ғв”Ғв”Ғв”Ғв”Ғв”Ғв”Ғв”Ғв”Ғв”Ғв”Ғв”Ғв”Ғв”Ғв”Ғв”Ғв”Ғв”Ғв”Ғв”Ғв”Ғв”Ғв”Ғв”Ғв”Ғв”Ғв”Ғв”Ғв”Ғв”Ғв”Ғв”Ғв”Ғв”Ғв”Ғв”Ғв”Ғв”Ғв”Ғв”Ғв”Ғв”Ғв”Ғв”Ғв”Ғв”Ғв”Ғв”Ғв”Ғв”Ғв”Ғв”Ғв”Ғв”Ғв”Ғв”Ғв”Ғв”Ғ
рҹ“Ҡ RAPPORT вҖ“ https://tilskudd.fiks.test.ks.no/
в”Ғв”Ғв”Ғв”Ғв”Ғв”Ғв”Ғв”Ғв”Ғв”Ғв”Ғв”Ғв”Ғв”Ғв”Ғв”Ғв”Ғв”Ғв”Ғв”Ғв”Ғв”Ғв”Ғв”Ғв”Ғв”Ғв”Ғв”Ғв”Ғв”Ғв”Ғв”Ғв”Ғв”Ғв”Ғв”Ғв”Ғв”Ғв”Ғв”Ғв”Ғв”Ғв”Ғв”Ғв”Ғв”Ғв”Ғв”Ғв”Ғв”Ғв”Ғв”Ғв”Ғв”Ғв”Ғв”Ғв”Ғв”Ғв”Ғв”Ғ
рҹ“„ Sider testet:     9
вҷҝ WCAG-brudd:       [33m1[0m   (kritiske: 0, alvorlige: 0)
рҹ”— DГёde lenker:      [31m5[0m
рҹ”ҳ Knapper testet:   7 ([32m0[0m uten label)
рҹ–јпёҸ  Bilder testet:    23 ([32m0[0m uten alt)
рҹ“қ Skjemafelt:       2 ([32m0[0m uten label)
в”Ғв”Ғв”Ғв”Ғв”Ғв”Ғв”Ғв”Ғв”Ғв”Ғв”Ғв”Ғв”Ғв”Ғв”Ғв”Ғв”Ғв”Ғв”Ғв”Ғв”Ғв”Ғв”Ғв”Ғв”Ғв”Ғв”Ғв”Ғв”Ғв”Ғв”Ғв”Ғв”Ғв”Ғв”Ғв”Ғв”Ғв”Ғв”Ғв”Ғв”Ғв”Ғв”Ғв”Ғв”Ғв”Ғв”Ғв”Ғв”Ғв”Ғв”Ғв”Ғв”Ғв”Ғв”Ғв”Ғв”Ғв”Ғв”Ғв”Ғ

рҹ“Ғ HTML-rapport: /Users/ummearkhan/tester-KSTilskudd/rapporter/2026-04-21/uu-rapport.html

[2026-04-21 02:07:31] KjГёrer npm run monkey...

> uu-tester@1.0.0 monkey
> node monkey-tester.js


рҹҗ’ Starter monkey-testing av: https://tilskudd.fiks.test.ks.no/
рҹ“… Dato: 2026-04-21
рҹ”„ Iterasjoner: 60

  вңҸпёҸ  [1] Fylte "aaaaaaaaaaaaaaaaaaaaaaaaaaaaaaaaaaaaaaaa" i search-felt
  в¬…пёҸ  [2] Gikk tilbake (browser back)
  рҹ–ұпёҸ  [4] Klikket: "SГёk"
  в¬…пёҸ  [6] Gikk tilbake (browser back)
  рҹ“Ө [7] Send skjema: "SГёk"
  рҹ”— [8] Klikket lenke: "Tilskuddsordninger"
  в¬…пёҸ  [10] Gikk tilbake (browser back)
  рҹ–ұпёҸ  [11] Klikket: "SГёk"
  рҹҸ  [12] Reset til startside
  рҹ“Ө [13] Send skjema: "SГёk"
  рҹ”— [14] Klikket lenke: "Punktlig Viktig Hund DaKommunalt nГҰringsfond Kristiansund 20"
  рҹ“Ө [15] Send skjema: "SГёk"
  вңҸпёҸ  [18] Fylte "0" i search-felt
  вңҸпёҸ  [19] Fylte "<b>bold</b>" i search-felt
  вңҸпёҸ  [20] Fylte "avnyqarvnpr c9cj4aevn9q 59jkpl3h6l3 79yf" i search-felt
  рҹ–ұпёҸ  [21] Klikket: "(ingen tekst)"
  рҹҸ  [22] Reset til startside
  вңҸпёҸ  [23] Fylte "null undefined NaN" i search-felt
  вңҸпёҸ  [24] Fylte "0" i search-felt
  рҹ–ұпёҸ  [25] Klikket: "SГёk"
  рҹҸ  [26] Reset til startside
  рҹҸ  [27] Reset til startside
  рҹҸ  [28] Reset til startside
  рҹ“Ө [29] Send skjema: "SГёk"
  рҹ”— [30] Klikket lenke: "KS Tilskudd"
  рҹҸ  [31] Reset til startside
  рҹ–ұпёҸ  [32] Klikket: "SГёk"
  вңҸпёҸ  [33] Fylte "" i search-felt
  рҹҸ  [34] Reset til startside
  рҹ–ұпёҸ  [35] Klikket: "SГёk"
  рҹ”— [36] Klikket lenke: "Tilskuddsordninger"
  рҹ”— [37] Klikket lenke: "Hjem"
  вңҸпёҸ  [38] Fylte "0" i search-felt
  рҹ“Ө [39] Send skjema: "SГёk"
  в¬…пёҸ  [40] Gikk tilbake (browser back)
  рҹ“Ө [41] Send skjema: "SГёk"
  в¬…пёҸ  [42] Gikk tilbake (browser back)
  вңҸпёҸ  [43] Fylte "!@#$%&*()" i search-felt
  вңҸпёҸ  [44] Fylte "ГҰГёГҘ ГҶГҳГ…" i search-felt
  вңҸпёҸ  [45] Fylte "ГҰГёГҘ ГҶГҳГ…" i search-felt
  вңҸпёҸ  [46] Fylte "99999999999999999999" i search-felt
  рҹ–ұпёҸ  [47] Klikket: "SГёk"
  рҹ–ұпёҸ  [49] Klikket: "(ingen tekst)"
  рҹ”— [50] Klikket lenke: "Punktlig Viktig Hund DaStimuleringsmidler til internasjonalt"
  вңҸпёҸ  [51] Fylte "tbt9yunfzs ipx4f120hbn 78oapses0fv ytb7u" i search-felt
  рҹҸ  [52] Reset til startside
  рҹҸ  [53] Reset til startside
  рҹ–ұпёҸ  [54] Klikket: "SГёk"
  рҹҸ  [55] Reset til startside
  рҹ–ұпёҸ  [56] Klikket: "SГёk"
  рҹ”— [58] Klikket lenke: "Tilskuddsordninger"
  рҹҸ  [59] Reset til startside
  рҹҸ  [60] Reset til startside

в”Ғв”Ғв”Ғв”Ғв”Ғв”Ғв”Ғв”Ғв”Ғв”Ғв”Ғв”Ғв”Ғв”Ғв”Ғв”Ғв”Ғв”Ғв”Ғв”Ғв”Ғв”Ғв”Ғв”Ғв”Ғв”Ғв”Ғв”Ғв”Ғв”Ғв”Ғв”Ғв”Ғв”Ғв”Ғв”Ғв”Ғв”Ғв”Ғв”Ғв”Ғв”Ғв”Ғв”Ғв”Ғв”Ғв”Ғв”Ғв”Ғв”Ғв”Ғв”Ғв”Ғв”Ғв”Ғв”Ғв”Ғв”Ғв”Ғв”Ғ
рҹҗ’ MONKEY-RAPPORT вҖ“ https://tilskudd.fiks.test.ks.no/
в”Ғв”Ғв”Ғв”Ғв”Ғв”Ғв”Ғв”Ғв”Ғв”Ғв”Ғв”Ғв”Ғв”Ғв”Ғв”Ғв”Ғв”Ғв”Ғв”Ғв”Ғв”Ғв”Ғв”Ғв”Ғв”Ғв”Ғв”Ғв”Ғв”Ғв”Ғв”Ғв”Ғв”Ғв”Ғв”Ғв”Ғв”Ғв”Ғв”Ғв”Ғв”Ғв”Ғв”Ғв”Ғв”Ғв”Ғв”Ғв”Ғв”Ғв”Ғв”Ғв”Ғв”Ғв”Ғв”Ғв”Ғв”Ғв”Ғв”Ғ
рҹ”„ Iterasjoner:      60
рҹ“„ Sider besГёkt:     7
вҡЎ JS-feil:          0
рҹ–ҘпёҸ  Konsoll-feil:     0
рҹҢҗ Nettverksfeil:    0
рҹ’Ҙ Kritiske funn:    2
вҸұпёҸ  Varighet:         31s
в”Ғв”Ғв”Ғв”Ғв”Ғв”Ғв”Ғв”Ғв”Ғв”Ғв”Ғв”Ғв”Ғв”Ғв”Ғв”Ғв”Ғв”Ғв”Ғв”Ғв”Ғв”Ғв”Ғв”Ғв”Ғв”Ғв”Ғв”Ғв”Ғв”Ғв”Ғв”Ғв”Ғв”Ғв”Ғв”Ғв”Ғв”Ғв”Ғв”Ғв”Ғв”Ғв”Ғв”Ғв”Ғв”Ғв”Ғв”Ғв”Ғв”Ғв”Ғв”Ғв”Ғв”Ғв”Ғв”Ғв”Ғв”Ғв”Ғв”Ғ

рҹ“Ғ Monkey-rapport: /Users/ummearkhan/tester-KSTilskudd/rapporter/2026-04-21/monkey-rapport.html
[2026-04-21 02:08:02] KjГёrer npm run sikkerhet...

> uu-tester@1.0.0 sikkerhet
> node sikkerhet-tester.js


рҹ”җ Starter sikkerhetstest av: https://tilskudd.fiks.test.ks.no/
рҹ“… Dato: 2026-04-21

рҹ“Ӣ Sjekker HTTP-sikkerhetshoder...
  вң… [OK] HSTS er satt
  вң… [OK] Content-Security-Policy er satt
  вң… [OK] X-Frame-Options er satt
  вң… [OK] X-Content-Type-Options er satt
  рҹ”ө [LAV] Manglende Referrer-Policy
  рҹ”ө [LAV] Manglende Permissions-Policy
  рҹ”ө [LAV] Manglende COOP
  рҹ”ө [LAV] Manglende CORP
рҹ•өпёҸ  Sjekker informasjonslekkasje i hoder...
рҹ”’ Sjekker HTTPS-hГҘndhevelse...
  вң… [OK] HTTP omdirigerer til HTTPS
рҹ“Ӯ Sjekker sensitive stier...
  рҹҹ  [ALVORLIG] Sensitiv sti tilgjengelig: /api
  рҹҹ  [ALVORLIG] Sensitiv sti tilgjengelig: /robots.txt
рҹҚӘ Sjekker cookie-sikkerhet...
  рҹҹЎ [MIDDELS] Cookie "07c80249a0769e869d701c22923ad7d0" har svake sikkerhetsattributter
рҹ”Җ Sjekker mixed content...
  вң… [OK] Ingen mixed content funnet
рҹ’ү Sjekker input-refleksjon...
  вң… [OK] SГёkefelt ser ut til ГҘ rense input
рҹҢҗ Sjekker CORS-konfigurasjon...
  вң… [OK] Ingen CORS-hoder вҖ“ standard same-origin-policy gjelder

в”Ғв”Ғв”Ғв”Ғв”Ғв”Ғв”Ғв”Ғв”Ғв”Ғв”Ғв”Ғв”Ғв”Ғв”Ғв”Ғв”Ғв”Ғв”Ғв”Ғв”Ғв”Ғв”Ғв”Ғв”Ғв”Ғв”Ғв”Ғв”Ғв”Ғв”Ғв”Ғв”Ғв”Ғв”Ғв”Ғв”Ғв”Ғв”Ғв”Ғв”Ғв”Ғв”Ғв”Ғв”Ғв”Ғв”Ғв”Ғв”Ғв”Ғв”Ғв”Ғв”Ғв”Ғв”Ғв”Ғв”Ғв”Ғв”Ғв”Ғ
рҹ”җ SIKKERHETSRAPPORT вҖ“ https://tilskudd.fiks.test.ks.no/
в”Ғв”Ғв”Ғв”Ғв”Ғв”Ғв”Ғв”Ғв”Ғв”Ғв”Ғв”Ғв”Ғв”Ғв”Ғв”Ғв”Ғв”Ғв”Ғв”Ғв”Ғв”Ғв”Ғв”Ғв”Ғв”Ғв”Ғв”Ғв”Ғв”Ғв”Ғв”Ғв”Ғв”Ғв”Ғв”Ғв”Ғв”Ғв”Ғв”Ғв”Ғв”Ғв”Ғв”Ғв”Ғв”Ғв”Ғв”Ғв”Ғв”Ғв”Ғв”Ғв”Ғв”Ғв”Ғв”Ғв”Ғв”Ғв”Ғв”Ғ
рҹ”ҙ Kritiske:   0
рҹҹ  Alvorlige:  2
рҹҹЎ Moderate:   1
рҹ”ө Lave:       4
вң… BestГҘtt:    8
рҹ“Ҡ Score:      67/100
вҸұпёҸ  Varighet:   4s
в”Ғв”Ғв”Ғв”Ғв”Ғв”Ғв”Ғв”Ғв”Ғв”Ғв”Ғв”Ғв”Ғв”Ғв”Ғв”Ғв”Ғв”Ғв”Ғв”Ғв”Ғв”Ғв”Ғв”Ғв”Ғв”Ғв”Ғв”Ғв”Ғв”Ғв”Ғв”Ғв”Ғв”Ғв”Ғв”Ғв”Ғв”Ғв”Ғв”Ғв”Ғв”Ғв”Ғв”Ғв”Ғв”Ғв”Ғв”Ғв”Ғв”Ғв”Ғв”Ғв”Ғв”Ғв”Ғв”Ғв”Ғв”Ғв”Ғв”Ғ

рҹ“Ғ Sikkerhetsrapport: /Users/ummearkhan/tester-KSTilskudd/rapporter/2026-04-21/sikkerhet-rapport.html
[2026-04-21 02:08:14] KjГёrer npm run negativ...

> uu-tester@1.0.0 negativ
> node negativ-tester.js


рҹ§Ә Starter negativ testing av: https://tilskudd.fiks.test.ks.no/
рҹ“… Dato: 2026-04-21


рҹ“қ Kategori 1: Skjema-validering
  вң… Tom sГёkeinnsending
  вң… SГёk med ekstremt lang tekst (2000 tegn)
  вң… SГёk med spesialtegn
  вң… SГёk med kun mellomrom
  вң… SГёk med norske tegn (ГҰГёГҘ)
  вң… SQL-lignende sГёketekst

рҹ”— Kategori 2: URL-validering
  вҡ пёҸ Ukjent side
  вҡ пёҸ Ugyldig UUID i URL
  вҡ пёҸ Null-UUID
  вң… Path traversal-forsГёk
  вҡ пёҸ Kodet path traversal
  вң… Ugyldig sГёknads-ID

рҹ”Җ Kategori 3: NavigasjonsrekkefГёlge
  вң… Direkte tilgang til sГёknadsskjema uten forside
  вң… Browser tilbake fra sГёknadsskjema
  вң… Rask frem-og-tilbake-navigasjon (5x)
  вң… Dobbelt-klikk pГҘ handlingsknapp

рҹҢҗ Kategori 4: Nettleserfunksjoner
  вң… Sideoppdatering (F5) under sГёknad
  вң… Siden uten JavaScript
  вң… Smal mobilvisning (320px bredde)
  вң… Stor skjerm (3840Г—2160)

рҹ”‘ Kategori 5: Tilstand og sesjon
  вң… Last side etter sletting av alle cookies
  вң… Last side etter tГёmming av localStorage
  вң… Direkte tilgang til "Min side" uten innlogging

в”Ғв”Ғв”Ғв”Ғв”Ғв”Ғв”Ғв”Ғв”Ғв”Ғв”Ғв”Ғв”Ғв”Ғв”Ғв”Ғв”Ғв”Ғв”Ғв”Ғв”Ғв”Ғв”Ғв”Ғв”Ғв”Ғв”Ғв”Ғв”Ғв”Ғв”Ғв”Ғв”Ғв”Ғв”Ғв”Ғв”Ғв”Ғв”Ғв”Ғв”Ғв”Ғв”Ғв”Ғв”Ғв”Ғв”Ғв”Ғв”Ғв”Ғв”Ғв”Ғв”Ғв”Ғв”Ғв”Ғв”Ғв”Ғв”Ғв”Ғ
рҹ§Ә NEGATIV-TESTRAPPORT вҖ“ https://tilskudd.fiks.test.ks.no/
в”Ғв”Ғв”Ғв”Ғв”Ғв”Ғв”Ғв”Ғв”Ғв”Ғв”Ғв”Ғв”Ғв”Ғв”Ғв”Ғв”Ғв”Ғв”Ғв”Ғв”Ғв”Ғв”Ғв”Ғв”Ғв”Ғв”Ғв”Ғв”Ғв”Ғв”Ғв”Ғв”Ғв”Ғв”Ғв”Ғв”Ғв”Ғв”Ғв”Ғв”Ғв”Ғв”Ғв”Ғв”Ғв”Ғв”Ғв”Ғв”Ғв”Ғв”Ғв”Ғв”Ғв”Ғв”Ғв”Ғв”Ғв”Ғв”Ғв”Ғ
вң… BestГҘtt:   19
вҡ пёҸ  Advarsler: 4
вқҢ Feil:      0
рҹ“Ҡ Score:     80/100
вҸұпёҸ  Varighet:  27s
в”Ғв”Ғв”Ғв”Ғв”Ғв”Ғв”Ғв”Ғв”Ғв”Ғв”Ғв”Ғв”Ғв”Ғв”Ғв”Ғв”Ғв”Ғв”Ғв”Ғв”Ғв”Ғв”Ғв”Ғв”Ғв”Ғв”Ғв”Ғв”Ғв”Ғв”Ғв”Ғв”Ғв”Ғв”Ғв”Ғв”Ғв”Ғв”Ғв”Ғв”Ғв”Ғв”Ғв”Ғв”Ғв”Ғв”Ғв”Ғв”Ғв”Ғв”Ғв”Ғв”Ғв”Ғв”Ғв”Ғв”Ғв”Ғв”Ғв”Ғ

рҹ“Ғ Negativ-rapport: /Users/ummearkhan/tester-KSTilskudd/rapporter/2026-04-21/negativ-rapport.html
[2026-04-21 02:08:42] KjГёrer npm run arkiv...

> uu-tester@1.0.0 arkiv
> node generer-arkiv.js

вң… Siste rapporter og skjermdumper kopiert til docs/ (2026-04-21)
вң… Arkiv generert вҶ’ docs/arkiv.html
   Datoer: 9 | UU: 17 | Monkey: 14 | Sikkerhet: 12 | Negativ: 12
вң… Dashboard generert вҶ’ docs/rapport.html
[2026-04-21 02:08:44] вң… Ferdig og pushet til GitHub
=======================================
[2026-04-21 08:30:03] Starter daglig UU-test
[2026-04-21 08:30:03] Node: v24.12.0
[2026-04-21 08:30:03] KjГёrer npm run rapport...

> uu-tester@1.0.0 rapport
> node uu-tester.js


рҹ”Қ Starter UU-analyse av: https://tilskudd.fiks.test.ks.no/
рҹ“… Dato: 2026-04-21
рҹ“„ Maks antall sider: 20

рҹ“„ [1/20] Analyserer: https://tilskudd.fiks.test.ks.no
  рҹ“ё Tar skjermdumper av 0 brudd...
рҹ“„ [2/20] Analyserer: https://tilskudd.fiks.test.ks.no/ordninger
  рҹ“ё Tar skjermdumper av 1 brudd...
рҹ“„ [3/20] Analyserer: https://tilskudd.fiks.test.ks.no/minside
  рҹ“ё Tar skjermdumper av 0 brudd...
рҹ“„ [4/20] Analyserer: https://tilskudd.fiks.test.ks.no/ordninger/553b5d8c-209e-410e-88c6-a6cb79d714dc
  рҹ“ё Tar skjermdumper av 0 brudd...
рҹ“„ [5/20] Analyserer: https://tilskudd.fiks.test.ks.no/ordninger/7082abd8-4f23-43e9-adce-c4762b848b81
  рҹ“ё Tar skjermdumper av 0 brudd...
рҹ“„ [6/20] Analyserer: https://tilskudd.fiks.test.ks.no/ordninger/b39a60ca-08e4-476c-88a1-a78fe3cd7983
  рҹ“ё Tar skjermdumper av 0 brudd...
рҹ“„ [7/20] Analyserer: https://tilskudd.fiks.test.ks.no/ordninger/cbc3a2eb-42bd-49db-b2e7-0f66e13a56a0
  рҹ“ё Tar skjermdumper av 0 brudd...
рҹ“„ [8/20] Analyserer: https://tilskudd.fiks.test.ks.no/ordninger/72ad6a5b-3819-446b-881d-eed1d5dd9ed6
  рҹ“ё Tar skjermdumper av 0 brudd...
рҹ“„ [9/20] Analyserer: https://tilskudd.fiks.test.ks.no/soknad/opprett
  рҹ“ё Tar skjermdumper av 0 brudd...

в”Ғв”Ғв”Ғв”Ғв”Ғв”Ғв”Ғв”Ғв”Ғв”Ғв”Ғв”Ғв”Ғв”Ғв”Ғв”Ғв”Ғв”Ғв”Ғв”Ғв”Ғв”Ғв”Ғв”Ғв”Ғв”Ғв”Ғв”Ғв”Ғв”Ғв”Ғв”Ғв”Ғв”Ғв”Ғв”Ғв”Ғв”Ғв”Ғв”Ғв”Ғв”Ғв”Ғв”Ғв”Ғв”Ғв”Ғв”Ғв”Ғв”Ғв”Ғв”Ғв”Ғв”Ғв”Ғв”Ғв”Ғв”Ғв”Ғв”Ғ
рҹ“Ҡ RAPPORT вҖ“ https://tilskudd.fiks.test.ks.no/
в”Ғв”Ғв”Ғв”Ғв”Ғв”Ғв”Ғв”Ғв”Ғв”Ғв”Ғв”Ғв”Ғв”Ғв”Ғв”Ғв”Ғв”Ғв”Ғв”Ғв”Ғв”Ғв”Ғв”Ғв”Ғв”Ғв”Ғв”Ғв”Ғв”Ғв”Ғв”Ғв”Ғв”Ғв”Ғв”Ғв”Ғв”Ғв”Ғв”Ғв”Ғв”Ғв”Ғв”Ғв”Ғв”Ғв”Ғв”Ғв”Ғв”Ғв”Ғв”Ғв”Ғв”Ғв”Ғв”Ғв”Ғв”Ғв”Ғв”Ғ
рҹ“„ Sider testet:     9
вҷҝ WCAG-brudd:       [33m1[0m   (kritiske: 0, alvorlige: 0)
рҹ”— DГёde lenker:      [31m5[0m
рҹ”ҳ Knapper testet:   7 ([32m0[0m uten label)
рҹ–јпёҸ  Bilder testet:    23 ([32m0[0m uten alt)
рҹ“қ Skjemafelt:       2 ([32m0[0m uten label)
в”Ғв”Ғв”Ғв”Ғв”Ғв”Ғв”Ғв”Ғв”Ғв”Ғв”Ғв”Ғв”Ғв”Ғв”Ғв”Ғв”Ғв”Ғв”Ғв”Ғв”Ғв”Ғв”Ғв”Ғв”Ғв”Ғв”Ғв”Ғв”Ғв”Ғв”Ғв”Ғв”Ғв”Ғв”Ғв”Ғв”Ғв”Ғв”Ғв”Ғв”Ғв”Ғв”Ғв”Ғв”Ғв”Ғв”Ғв”Ғв”Ғв”Ғв”Ғв”Ғв”Ғв”Ғв”Ғв”Ғв”Ғв”Ғв”Ғв”Ғ

рҹ“Ғ HTML-rapport: /Users/ummearkhan/tester-KSTilskudd/rapporter/2026-04-21/uu-rapport.html

[2026-04-21 08:30:23] KjГёrer npm run monkey...

> uu-tester@1.0.0 monkey
> node monkey-tester.js


рҹҗ’ Starter monkey-testing av: https://tilskudd.fiks.test.ks.no/
рҹ“… Dato: 2026-04-21
рҹ”„ Iterasjoner: 60

  рҹ–ұпёҸ  [1] Klikket: "SГёk"
  рҹ”— [2] Klikket lenke: "Tilskuddsordninger"
  в¬…пёҸ  [3] Gikk tilbake (browser back)
  рҹ–ұпёҸ  [4] Klikket: "SГёk"
  в¬…пёҸ  [5] Gikk tilbake (browser back)
  рҹ“Ө [6] Send skjema: "SГёk"
  вңҸпёҸ  [8] Fylte "ГҰГёГҘ ГҶГҳГ…" i search-felt
  вңҸпёҸ  [9] Fylte "Test bruker" i search-felt
  рҹ–ұпёҸ  [10] Klikket: "(ingen tekst)"
  рҹ”— [11] Klikket lenke: "KS Tilskudd"
  рҹҸ  [12] Reset til startside
  в¬…пёҸ  [13] Gikk tilbake (browser back)
  вңҸпёҸ  [14] Fylte "99999999999999999999" i search-felt
  рҹ–ұпёҸ  [15] Klikket: "(ingen tekst)"
  рҹҸ  [16] Reset til startside
  рҹ–ұпёҸ  [17] Klikket: "SГёk"
  вңҸпёҸ  [18] Fylte "   " i search-felt
  рҹ–ұпёҸ  [19] Klikket: "(ingen tekst)"
  вңҸпёҸ  [21] Fylte "kvh71r495k odw9tc3xm0s ntkunscpo2l 39fxo" i search-felt
  вңҸпёҸ  [22] Fylte "" i search-felt
  вңҸпёҸ  [23] Fylte "<b>bold</b>" i search-felt
  в¬…пёҸ  [24] Gikk tilbake (browser back)
  рҹҸ  [25] Reset til startside
  вңҸпёҸ  [26] Fylte "f30ta4mloq e0derr4qdk tvoh4gx03b exuek0m" i search-felt
  вңҸпёҸ  [27] Fylte "0" i search-felt
  рҹҸ  [28] Reset til startside
  в¬…пёҸ  [29] Gikk tilbake (browser back)
  вңҸпёҸ  [30] Fylte "   " i search-felt
  рҹ–ұпёҸ  [31] Klikket: "(ingen tekst)"
  рҹҸ  [32] Reset til startside
  в¬…пёҸ  [33] Gikk tilbake (browser back)
  рҹҸ  [34] Reset til startside
  рҹ“Ө [35] Send skjema: "SГёk"
  вңҸпёҸ  [36] Fylte "0" i search-felt
  в¬…пёҸ  [38] Gikk tilbake (browser back)
  в¬…пёҸ  [39] Gikk tilbake (browser back)
  рҹҸ  [40] Reset til startside
  вңҸпёҸ  [41] Fylte "!@#$%&*()" i search-felt
  рҹҸ  [42] Reset til startside
  рҹҸ  [43] Reset til startside
  рҹ“Ө [44] Send skjema: "SГёk"
  рҹҸ  [48] Reset til startside
  рҹ“Ө [49] Send skjema: "SГёk"
  рҹҸ  [51] Reset til startside
  рҹ–ұпёҸ  [52] Klikket: "SГёk"
  вңҸпёҸ  [53] Fylte "<b>bold</b>" i search-felt
  рҹҸ  [54] Reset til startside
  в¬…пёҸ  [55] Gikk tilbake (browser back)
  рҹҸ  [56] Reset til startside
  вңҸпёҸ  [57] Fylte "r4qo4m7xu2m 06hr4t2hno8c ljaqy0tq2sd gpc" i search-felt
  рҹ–ұпёҸ  [58] Klikket: "(ingen tekst)"
  рҹ“Ө [59] Send skjema: "SГёk"
  рҹ”— [60] Klikket lenke: "Hjem"

в”Ғв”Ғв”Ғв”Ғв”Ғв”Ғв”Ғв”Ғв”Ғв”Ғв”Ғв”Ғв”Ғв”Ғв”Ғв”Ғв”Ғв”Ғв”Ғв”Ғв”Ғв”Ғв”Ғв”Ғв”Ғв”Ғв”Ғв”Ғв”Ғв”Ғв”Ғв”Ғв”Ғв”Ғв”Ғв”Ғв”Ғв”Ғв”Ғв”Ғв”Ғв”Ғв”Ғв”Ғв”Ғв”Ғв”Ғв”Ғв”Ғв”Ғв”Ғв”Ғв”Ғв”Ғв”Ғв”Ғв”Ғв”Ғв”Ғв”Ғ
рҹҗ’ MONKEY-RAPPORT вҖ“ https://tilskudd.fiks.test.ks.no/
в”Ғв”Ғв”Ғв”Ғв”Ғв”Ғв”Ғв”Ғв”Ғв”Ғв”Ғв”Ғв”Ғв”Ғв”Ғв”Ғв”Ғв”Ғв”Ғв”Ғв”Ғв”Ғв”Ғв”Ғв”Ғв”Ғв”Ғв”Ғв”Ғв”Ғв”Ғв”Ғв”Ғв”Ғв”Ғв”Ғв”Ғв”Ғв”Ғв”Ғв”Ғв”Ғв”Ғв”Ғв”Ғв”Ғв”Ғв”Ғв”Ғв”Ғв”Ғв”Ғв”Ғв”Ғв”Ғв”Ғв”Ғв”Ғв”Ғв”Ғ
рҹ”„ Iterasjoner:      60
рҹ“„ Sider besГёkt:     7
вҡЎ JS-feil:          0
рҹ–ҘпёҸ  Konsoll-feil:     0
рҹҢҗ Nettverksfeil:    0
рҹ’Ҙ Kritiske funn:    0
вҸұпёҸ  Varighet:         29s
в”Ғв”Ғв”Ғв”Ғв”Ғв”Ғв”Ғв”Ғв”Ғв”Ғв”Ғв”Ғв”Ғв”Ғв”Ғв”Ғв”Ғв”Ғв”Ғв”Ғв”Ғв”Ғв”Ғв”Ғв”Ғв”Ғв”Ғв”Ғв”Ғв”Ғв”Ғв”Ғв”Ғв”Ғв”Ғв”Ғв”Ғв”Ғв”Ғв”Ғв”Ғв”Ғв”Ғв”Ғв”Ғв”Ғв”Ғв”Ғв”Ғв”Ғв”Ғв”Ғв”Ғв”Ғв”Ғв”Ғв”Ғв”Ғв”Ғв”Ғ

рҹ“Ғ Monkey-rapport: /Users/ummearkhan/tester-KSTilskudd/rapporter/2026-04-21/monkey-rapport.html
[2026-04-21 08:30:52] KjГёrer npm run sikkerhet...

> uu-tester@1.0.0 sikkerhet
> node sikkerhet-tester.js


рҹ”җ Starter sikkerhetstest av: https://tilskudd.fiks.test.ks.no/
рҹ“… Dato: 2026-04-21

рҹ“Ӣ Sjekker HTTP-sikkerhetshoder...
  вң… [OK] HSTS er satt
  вң… [OK] Content-Security-Policy er satt
  вң… [OK] X-Frame-Options er satt
  вң… [OK] X-Content-Type-Options er satt
  рҹ”ө [LAV] Manglende Referrer-Policy
  рҹ”ө [LAV] Manglende Permissions-Policy
  рҹ”ө [LAV] Manglende COOP
  рҹ”ө [LAV] Manglende CORP
рҹ•өпёҸ  Sjekker informasjonslekkasje i hoder...
рҹ”’ Sjekker HTTPS-hГҘndhevelse...
  вң… [OK] HTTP omdirigerer til HTTPS
рҹ“Ӯ Sjekker sensitive stier...
  рҹҹ  [ALVORLIG] Sensitiv sti tilgjengelig: /api
  рҹҹ  [ALVORLIG] Sensitiv sti tilgjengelig: /robots.txt
рҹҚӘ Sjekker cookie-sikkerhet...
  рҹҹЎ [MIDDELS] Cookie "07c80249a0769e869d701c22923ad7d0" har svake sikkerhetsattributter
рҹ”Җ Sjekker mixed content...
  вң… [OK] Ingen mixed content funnet
рҹ’ү Sjekker input-refleksjon...
  вң… [OK] SГёkefelt ser ut til ГҘ rense input
рҹҢҗ Sjekker CORS-konfigurasjon...
  вң… [OK] Ingen CORS-hoder вҖ“ standard same-origin-policy gjelder

в”Ғв”Ғв”Ғв”Ғв”Ғв”Ғв”Ғв”Ғв”Ғв”Ғв”Ғв”Ғв”Ғв”Ғв”Ғв”Ғв”Ғв”Ғв”Ғв”Ғв”Ғв”Ғв”Ғв”Ғв”Ғв”Ғв”Ғв”Ғв”Ғв”Ғв”Ғв”Ғв”Ғв”Ғв”Ғв”Ғв”Ғв”Ғв”Ғв”Ғв”Ғв”Ғв”Ғв”Ғв”Ғв”Ғв”Ғв”Ғв”Ғв”Ғв”Ғв”Ғв”Ғв”Ғв”Ғв”Ғв”Ғв”Ғв”Ғв”Ғ
рҹ”җ SIKKERHETSRAPPORT вҖ“ https://tilskudd.fiks.test.ks.no/
в”Ғв”Ғв”Ғв”Ғв”Ғв”Ғв”Ғв”Ғв”Ғв”Ғв”Ғв”Ғв”Ғв”Ғв”Ғв”Ғв”Ғв”Ғв”Ғв”Ғв”Ғв”Ғв”Ғв”Ғв”Ғв”Ғв”Ғв”Ғв”Ғв”Ғв”Ғв”Ғв”Ғв”Ғв”Ғв”Ғв”Ғв”Ғв”Ғв”Ғв”Ғв”Ғв”Ғв”Ғв”Ғв”Ғв”Ғв”Ғв”Ғв”Ғв”Ғв”Ғв”Ғв”Ғв”Ғв”Ғв”Ғв”Ғв”Ғв”Ғ
рҹ”ҙ Kritiske:   0
рҹҹ  Alvorlige:  2
рҹҹЎ Moderate:   1
рҹ”ө Lave:       4
вң… BestГҘtt:    8
рҹ“Ҡ Score:      67/100
вҸұпёҸ  Varighet:   3s
в”Ғв”Ғв”Ғв”Ғв”Ғв”Ғв”Ғв”Ғв”Ғв”Ғв”Ғв”Ғв”Ғв”Ғв”Ғв”Ғв”Ғв”Ғв”Ғв”Ғв”Ғв”Ғв”Ғв”Ғв”Ғв”Ғв”Ғв”Ғв”Ғв”Ғв”Ғв”Ғв”Ғв”Ғв”Ғв”Ғв”Ғв”Ғв”Ғв”Ғв”Ғв”Ғв”Ғв”Ғв”Ғв”Ғв”Ғв”Ғв”Ғв”Ғв”Ғв”Ғв”Ғв”Ғв”Ғв”Ғв”Ғв”Ғв”Ғв”Ғ

рҹ“Ғ Sikkerhetsrapport: /Users/ummearkhan/tester-KSTilskudd/rapporter/2026-04-21/sikkerhet-rapport.html
[2026-04-21 08:31:04] KjГёrer npm run negativ...

> uu-tester@1.0.0 negativ
> node negativ-tester.js


рҹ§Ә Starter negativ testing av: https://tilskudd.fiks.test.ks.no/
рҹ“… Dato: 2026-04-21


рҹ“қ Kategori 1: Skjema-validering
  вң… Tom sГёkeinnsending
  вң… SГёk med ekstremt lang tekst (2000 tegn)
  вң… SГёk med spesialtegn
  вң… SГёk med kun mellomrom
  вң… SГёk med norske tegn (ГҰГёГҘ)
  вң… SQL-lignende sГёketekst

рҹ”— Kategori 2: URL-validering
  вҡ пёҸ Ukjent side
  вҡ пёҸ Ugyldig UUID i URL
  вҡ пёҸ Null-UUID
  вң… Path traversal-forsГёk
  вҡ пёҸ Kodet path traversal
  вң… Ugyldig sГёknads-ID

рҹ”Җ Kategori 3: NavigasjonsrekkefГёlge
  вң… Direkte tilgang til sГёknadsskjema uten forside
  вң… Browser tilbake fra sГёknadsskjema
  вң… Rask frem-og-tilbake-navigasjon (5x)
  вң… Dobbelt-klikk pГҘ handlingsknapp

рҹҢҗ Kategori 4: Nettleserfunksjoner
  вң… Sideoppdatering (F5) under sГёknad
  вң… Siden uten JavaScript
  вң… Smal mobilvisning (320px bredde)
  вң… Stor skjerm (3840Г—2160)

рҹ”‘ Kategori 5: Tilstand og sesjon
  вң… Last side etter sletting av alle cookies
  вң… Last side etter tГёmming av localStorage
  вң… Direkte tilgang til "Min side" uten innlogging

в”Ғв”Ғв”Ғв”Ғв”Ғв”Ғв”Ғв”Ғв”Ғв”Ғв”Ғв”Ғв”Ғв”Ғв”Ғв”Ғв”Ғв”Ғв”Ғв”Ғв”Ғв”Ғв”Ғв”Ғв”Ғв”Ғв”Ғв”Ғв”Ғв”Ғв”Ғв”Ғв”Ғв”Ғв”Ғв”Ғв”Ғв”Ғв”Ғв”Ғв”Ғв”Ғв”Ғв”Ғв”Ғв”Ғв”Ғв”Ғв”Ғв”Ғв”Ғв”Ғв”Ғв”Ғв”Ғв”Ғв”Ғв”Ғв”Ғв”Ғ
рҹ§Ә NEGATIV-TESTRAPPORT вҖ“ https://tilskudd.fiks.test.ks.no/
в”Ғв”Ғв”Ғв”Ғв”Ғв”Ғв”Ғв”Ғв”Ғв”Ғв”Ғв”Ғв”Ғв”Ғв”Ғв”Ғв”Ғв”Ғв”Ғв”Ғв”Ғв”Ғв”Ғв”Ғв”Ғв”Ғв”Ғв”Ғв”Ғв”Ғв”Ғв”Ғв”Ғв”Ғв”Ғв”Ғв”Ғв”Ғв”Ғв”Ғв”Ғв”Ғв”Ғв”Ғв”Ғв”Ғв”Ғв”Ғв”Ғв”Ғв”Ғв”Ғв”Ғв”Ғв”Ғв”Ғв”Ғв”Ғв”Ғв”Ғ
вң… BestГҘtt:   19
вҡ пёҸ  Advarsler: 4
вқҢ Feil:      0
рҹ“Ҡ Score:     80/100
вҸұпёҸ  Varighet:  29s
в”Ғв”Ғв”Ғв”Ғв”Ғв”Ғв”Ғв”Ғв”Ғв”Ғв”Ғв”Ғв”Ғв”Ғв”Ғв”Ғв”Ғв”Ғв”Ғв”Ғв”Ғв”Ғв”Ғв”Ғв”Ғв”Ғв”Ғв”Ғв”Ғв”Ғв”Ғв”Ғв”Ғв”Ғв”Ғв”Ғв”Ғв”Ғв”Ғв”Ғв”Ғв”Ғв”Ғв”Ғв”Ғв”Ғв”Ғв”Ғв”Ғв”Ғв”Ғв”Ғв”Ғв”Ғв”Ғв”Ғв”Ғв”Ғв”Ғв”Ғ

рҹ“Ғ Negativ-rapport: /Users/ummearkhan/tester-KSTilskudd/rapporter/2026-04-21/negativ-rapport.html
[2026-04-21 08:31:33] KjГёrer npm run arkiv...

> uu-tester@1.0.0 arkiv
> node generer-arkiv.js

вң… Siste rapporter og skjermdumper kopiert til docs/ (2026-04-21)
вң… Arkiv generert вҶ’ docs/arkiv.html
   Datoer: 9 | UU: 18 | Monkey: 15 | Sikkerhet: 13 | Negativ: 13
вң… Dashboard generert вҶ’ docs/rapport.html
